2025.04.25 17:59:28 INFO  Database: jdbc:h2:file:D:\workspace\github\snippets\giant-data-analysis\.metals\metals (H2 2.3)
2025.04.25 17:59:28 INFO  Schema history table "PUBLIC"."flyway_schema_history" does not exist yet
2025.04.25 17:59:28 INFO  Successfully validated 6 migrations (execution time 00:00.003s)
2025.04.25 17:59:28 INFO  Creating Schema History table "PUBLIC"."flyway_schema_history" ...
2025.04.25 17:59:28 INFO  Current version of schema "PUBLIC": << Empty Schema >>
2025.04.25 17:59:28 INFO  Migrating schema "PUBLIC" to version "1 - Create tables"
2025.04.25 17:59:28 INFO  Migrating schema "PUBLIC" to version "2 - Server discovery"
2025.04.25 17:59:28 INFO  Migrating schema "PUBLIC" to version "3 - Jar symbols"
2025.04.25 17:59:28 INFO  Migrating schema "PUBLIC" to version "4 - Fingerprints"
2025.04.25 17:59:28 INFO  Migrating schema "PUBLIC" to version "5 - Jar type hierarchy"
2025.04.25 17:59:28 INFO  Migrating schema "PUBLIC" to version "6 - Delete indices"
2025.04.25 17:59:28 INFO  Successfully applied 6 migrations to schema "PUBLIC", now at version v6 (execution time 00:00.011s)
2025.04.25 17:59:28 INFO  no build target found for D:\workspace\github\snippets\giant-data-analysis\temporal-data-and-realtime-algorithm\scala-temporal-apache-flink\src\main\scala\com\spike\giantdataanalysis\flink\example\application\ExampleFlinkApplication.scala. Using presentation compiler with project's scala-library version: 3.3.4
2025.04.25 17:59:33 INFO  no build target found for D:\workspace\github\snippets\giant-data-analysis\temporal-data-and-realtime-algorithm\scala-temporal-apache-flink\src\main\scala\com\spike\giantdataanalysis\flink\example\application\ExampleFlinkApplication.scala. Using presentation compiler with project's scala-library version: 3.3.4
2025.04.25 17:59:33 INFO  Database: jdbc:h2:file:D:\workspace\github\workbench\.metals\metals (H2 2.3)
2025.04.25 17:59:33 INFO  Successfully validated 6 migrations (execution time 00:00.006s)
2025.04.25 17:59:33 INFO  Current version of schema "PUBLIC": 6
2025.04.25 17:59:33 INFO  Schema "PUBLIC" is up to date. No migration necessary.
2025.04.25 17:59:36 INFO  Running List(C:\Users\zhouj\AppData\Local\Coursier\data\bin\scala-cli.BAT, setup-ide, D:\workspace\github\workbench)
2025.04.25 17:59:36 INFO  Attempting to connect to the build server...
2025.04.25 17:59:36 INFO  Running BSP server List(C:\Users\zhouj\AppData\Local\Coursier\data\bin\.scala-cli.aux.exe, bsp, --json-options, D:\workspace\github\workbench\.scala-build\ide-options-v2.json, --json-launcher-options, D:\workspace\github\workbench\.scala-build\ide-launcher-options.json, --envs-file, D:\workspace\github\workbench\.scala-build\ide-envs.json, D:\workspace\github\workbench)
2025.04.25 17:59:36 INFO  no build target found for D:\workspace\github\snippets\giant-data-analysis\temporal-data-and-realtime-algorithm\scala-temporal-apache-flink\src\main\scala\com\spike\giantdataanalysis\flink\example\application\ExampleFlinkApplication.scala. Using presentation compiler with project's scala-library version: 3.3.4
2025.04.25 17:59:36 INFO  tracing is disabled for protocol BSP, to enable tracing of incoming and outgoing JSON messages create an empty file at D:\workspace\github\workbench\.metals\bsp.trace.json or C:\Users\zhouj\AppData\Local\scalameta\metals\cache\bsp.trace.json
2025.04.25 17:59:37 INFO  no build target found for D:\workspace\github\snippets\giant-data-analysis\temporal-data-and-realtime-algorithm\scala-temporal-apache-flink\src\main\scala\com\spike\giantdataanalysis\flink\example\package.scala. Using presentation compiler with project's scala-library version: 3.3.4
2025.04.25 17:59:38 INFO  BSP server: Starting compilation server
2025.04.25 17:59:41 INFO  no build target found for D:\workspace\github\snippets\giant-data-analysis\temporal-data-and-realtime-algorithm\scala-temporal-apache-flink\src\main\scala\com\spike\giantdataanalysis\flink\example\libs\ExampleFlinkCEP.scala. Using presentation compiler with project's scala-library version: 3.3.4
2025.04.25 17:59:41 INFO  no build target found for D:\workspace\github\snippets\giant-data-analysis\temporal-data-and-realtime-algorithm\scala-temporal-apache-flink\src\main\scala\com\spike\giantdataanalysis\flink\example\libs\ExampleFlinkCEP.scala. Using presentation compiler with project's scala-library version: 3.3.4
2025.04.25 17:59:41 INFO  no build target found for D:\workspace\github\snippets\giant-data-analysis\temporal-data-and-realtime-algorithm\scala-temporal-apache-flink\src\main\scala\com\spike\giantdataanalysis\flink\example\libs\ExampleFlinkCEP.scala. Using presentation compiler with project's scala-library version: 3.3.4
2025.04.25 17:59:41 INFO  no build target found for D:\workspace\github\snippets\giant-data-analysis\temporal-data-and-realtime-algorithm\scala-temporal-apache-flink\src\main\scala\com\spike\giantdataanalysis\flink\example\libs\ExampleFlinkCEP.scala. Using presentation compiler with project's scala-library version: 3.3.4
2025.04.25 17:59:42 INFO  no build target found for D:\workspace\github\snippets\giant-data-analysis\temporal-data-and-realtime-algorithm\scala-temporal-apache-flink\src\main\scala\com\spike\giantdataanalysis\flink\example\libs\ExampleFlinkCEP.scala. Using presentation compiler with project's scala-library version: 3.3.4
2025.04.25 17:59:43 INFO  no build target found for D:\workspace\github\snippets\giant-data-analysis\temporal-data-and-realtime-algorithm\scala-temporal-apache-flink\src\main\scala\com\spike\giantdataanalysis\flink\example\libs\ExampleFlinkCEP.scala. Using presentation compiler with project's scala-library version: 3.3.4
2025.04.25 17:59:50 INFO  time: Connected to build server in 13s
2025.04.25 17:59:50 INFO  Connected to Build server: scala-cli v1.5.4
2025.04.25 17:59:50 INFO  time: Imported build in 0.31s
2025.04.25 17:59:50 INFO  running doctor check
2025.04.25 17:59:50 INFO  java targets: workbench_aa18d1a41c, workbench_aa18d1a41c-test
2025.04.25 17:59:51 INFO  compiling workbench_aa18d1a41c (23 scala sources and 307 java sources)
2025.04.25 17:59:55 INFO  no build target found for D:\workspace\github\snippets\giant-data-analysis\temporal-data-and-realtime-algorithm\scala-temporal-apache-flink\src\main\scala\com\spike\giantdataanalysis\flink\example\streaming\connector\ExampleStreamingRabbitMQConnector.scala. Using presentation compiler with project's scala-library version: 3.3.4
2025.04.25 17:59:55 INFO  no build target found for D:\workspace\github\snippets\giant-data-analysis\temporal-data-and-realtime-algorithm\scala-temporal-apache-flink\src\main\scala\com\spike\giantdataanalysis\flink\example\streaming\connector\ExampleStreamingRabbitMQConnector.scala. Using presentation compiler with project's scala-library version: 3.3.4
2025.04.25 17:59:55 INFO  no build target found for D:\workspace\github\snippets\giant-data-analysis\temporal-data-and-realtime-algorithm\scala-temporal-apache-flink\src\main\scala\com\spike\giantdataanalysis\flink\example\streaming\connector\ExampleStreamingRabbitMQConnector.scala. Using presentation compiler with project's scala-library version: 3.3.4
2025.04.25 17:59:55 INFO  no build target found for D:\workspace\github\snippets\giant-data-analysis\temporal-data-and-realtime-algorithm\scala-temporal-apache-flink\src\main\scala\com\spike\giantdataanalysis\flink\example\streaming\connector\ExampleStreamingRabbitMQConnector.scala. Using presentation compiler with project's scala-library version: 3.3.4
2025.04.25 17:59:56 INFO  Database: jdbc:h2:file:C:\Users\zhouj\AppData\Roaming\metals\data\metals (H2 2.3)
2025.04.25 17:59:56 INFO  Successfully validated 1 migration (execution time 00:00.001s)
2025.04.25 17:59:56 INFO  Current version of schema "PUBLIC": 1
2025.04.25 17:59:56 INFO  Schema "PUBLIC" is up to date. No migration necessary.
2025.04.25 17:59:57 INFO  no build target found for D:\workspace\github\snippets\giant-data-analysis\temporal-data-and-realtime-algorithm\scala-temporal-apache-flink\src\main\scala\com\spike\giantdataanalysis\flink\example\streaming\connector\ExampleStreamingRabbitMQConnector.scala. Using presentation compiler with project's scala-library version: 3.3.4
2025.04.25 17:59:57 INFO  no build target found for D:\workspace\github\snippets\giant-data-analysis\temporal-data-and-realtime-algorithm\scala-temporal-apache-flink\src\main\scala\com\spike\giantdataanalysis\flink\example\streaming\connector\ExampleStreamingRabbitMQConnector.scala. Using presentation compiler with project's scala-library version: 3.3.4
2025.04.25 17:59:58 INFO  time: indexed workspace in 8.04s
2025.04.25 17:59:58 WARN  no build target for: D:\workspace\github\books\algs4\src\main\java\edu\princeton\cs\algs4\MSD.java
2025.04.25 18:00:05 INFO  time: compiled workbench_aa18d1a41c in 14s
2025.04.25 18:00:05 WARN  no build target for: D:\workspace\github\snippets\giant-data-analysis\temporal-data-and-realtime-algorithm\scala-temporal-apache-flink\src\main\scala\com\spike\giantdataanalysis\flink\example\libs\ExampleFlinkCEP.scala
2025.04.25 18:00:05 WARN  no build target for: D:\workspace\github\snippets\giant-data-analysis\temporal-data-and-realtime-algorithm\scala-temporal-apache-flink\src\main\scala\com\spike\giantdataanalysis\flink\example\application\ExampleFlinkApplication.scala
2025.04.25 18:00:05 WARN  no build target for: D:\workspace\github\snippets\giant-data-analysis\temporal-data-and-realtime-algorithm\scala-temporal-apache-flink\src\main\scala\com\spike\giantdataanalysis\flink\example\streaming\connector\ExampleStreamingRabbitMQConnector.scala
2025.04.25 18:00:05 WARN  no build target for: D:\workspace\github\snippets\giant-data-analysis\temporal-data-and-realtime-algorithm\scala-temporal-apache-flink\src\main\scala\com\spike\giantdataanalysis\flink\example\package.scala
2025.04.25 18:00:05 INFO  no build target found for D:\workspace\github\snippets\giant-data-analysis\temporal-data-and-realtime-algorithm\scala-temporal-apache-flink\src\main\scala\com\spike\giantdataanalysis\flink\example\streaming\connector\ExampleStreamingRabbitMQConnector.scala. Using presentation compiler with project's scala-library version: 3.3.4
2025.04.25 18:00:05 INFO  compiling workbench_aa18d1a41c (23 scala sources and 307 java sources)
2025.04.25 18:00:15 INFO  time: compiled workbench_aa18d1a41c in 9.46s
2025.04.25 18:03:24 INFO  compiling workbench_aa18d1a41c (23 scala sources and 307 java sources)
2025.04.25 18:03:24 INFO  running doctor check
2025.04.25 18:03:24 INFO  java targets: workbench_aa18d1a41c, workbench_aa18d1a41c-test
2025.04.25 18:03:25 INFO  time: indexed workspace in 1.73s
2025.04.25 18:03:33 WARN  no build target for: D:\workspace\github\snippets\giant-data-analysis\temporal-data-and-realtime-algorithm\scala-temporal-apache-flink\src\main\scala\com\spike\giantdataanalysis\flink\example\streaming\connector\ExampleStreamingRabbitMQConnector.scala
2025.04.25 18:03:33 INFO  no build target found for D:\workspace\github\snippets\giant-data-analysis\temporal-data-and-realtime-algorithm\scala-temporal-apache-flink\src\main\scala\com\spike\giantdataanalysis\flink\example\streaming\connector\ExampleStreamingRabbitMQConnector.scala. Using presentation compiler with project's scala-library version: 3.3.4
2025.04.25 18:03:33 INFO  compiling workbench_aa18d1a41c (23 scala sources and 307 java sources)
2025.04.25 18:03:42 INFO  time: compiled workbench_aa18d1a41c in 8.98s
2025.04.25 18:04:16 INFO  no build target found for D:\workspace\github\snippets\giant-data-analysis\temporal-data-and-realtime-algorithm\scala-temporal-apache-flink\src\main\scala\com\spike\giantdataanalysis\flink\example\streaming\connector\ExampleStreamingRabbitMQConnector.scala. Using presentation compiler with project's scala-library version: 3.3.4
2025.04.25 18:04:20 INFO  no build target found for D:\workspace\github\snippets\giant-data-analysis\temporal-data-and-realtime-algorithm\scala-temporal-apache-flink\src\main\scala\com\spike\giantdataanalysis\flink\example\streaming\connector\ExampleStreamingRabbitMQConnector.scala. Using presentation compiler with project's scala-library version: 3.3.4
2025.04.25 18:25:04 INFO  no build target found for D:\workspace\github\snippets\giant-data-analysis\temporal-data-and-realtime-algorithm\scala-temporal-apache-flink\src\main\scala\com\spike\giantdataanalysis\flink\example\streaming\connector\ExampleStreamingRabbitMQConnector.scala. Using presentation compiler with project's scala-library version: 3.3.4
2025.04.25 18:25:05 INFO  compiling workbench_aa18d1a41c (23 scala sources and 307 java sources)
2025.04.25 18:25:13 INFO  time: compiled workbench_aa18d1a41c in 8.49s
2025.04.25 18:25:14 INFO  no build target found for D:\workspace\github\books\algs4\src\main\java\edu\princeton\cs\algs4\MSD.java. Using presentation compiler with project's scala-library version: 3.3.4
2025.04.26 09:16:28 INFO  compiling workbench_aa18d1a41c (23 scala sources and 307 java sources)
2025.04.26 09:16:37 INFO  time: compiled workbench_aa18d1a41c in 9.02s
2025.04.26 09:32:04 INFO  compiling workbench_aa18d1a41c (23 scala sources and 307 java sources)
2025.04.26 09:32:12 INFO  time: compiled workbench_aa18d1a41c in 8.81s
2025.04.26 09:42:10 INFO  compiling workbench_aa18d1a41c (23 scala sources and 307 java sources)
2025.04.26 09:42:10 INFO  running doctor check
2025.04.26 09:42:10 INFO  java targets: workbench_aa18d1a41c, workbench_aa18d1a41c-test
2025.04.26 09:42:11 INFO  time: indexed workspace in 1.39s
2025.04.26 09:42:18 WARN  no build target for: D:\workspace\github\snippets\giant-data-analysis\temporal-data-and-realtime-algorithm\scala-temporal-apache-flink\src\main\scala\com\spike\giantdataanalysis\flink\example\streaming\connector\ExampleStreamingRabbitMQConnector.scala
2025.04.26 09:42:19 INFO  compiling workbench_aa18d1a41c (23 scala sources and 307 java sources)
2025.04.26 09:42:27 INFO  time: compiled workbench_aa18d1a41c in 8.46s
2025.04.26 09:47:45 INFO  compiling workbench_aa18d1a41c (23 scala sources and 307 java sources)
2025.04.26 09:47:53 INFO  time: compiled workbench_aa18d1a41c in 8.46s
2025.04.26 10:04:06 INFO  compiling workbench_aa18d1a41c (23 scala sources and 308 java sources)
2025.04.26 10:04:06 INFO  running doctor check
2025.04.26 10:04:06 INFO  java targets: workbench_aa18d1a41c, workbench_aa18d1a41c-test
2025.04.26 10:04:07 INFO  time: indexed workspace in 1.7s
2025.04.26 10:04:07 WARN  no build target for: D:\workspace\github\snippets\giant-data-analysis\temporal-data-and-realtime-algorithm\scala-temporal-apache-flink\src\main\scala\com\spike\giantdataanalysis\flink\example\streaming\connector\ExampleStreamingRabbitMQConnector.scala
2025.04.26 10:04:15 INFO  time: compiled workbench_aa18d1a41c in 8.97s
2025.04.26 10:04:15 INFO  compiling workbench_aa18d1a41c (23 scala sources and 308 java sources)
2025.04.26 10:04:24 INFO  time: compiled workbench_aa18d1a41c in 8.96s
2025.04.26 10:05:46 INFO  compiling workbench_aa18d1a41c (23 scala sources and 307 java sources)
2025.04.26 10:05:46 INFO  running doctor check
2025.04.26 10:05:46 INFO  java targets: workbench_aa18d1a41c, workbench_aa18d1a41c-test
2025.04.26 10:05:47 INFO  time: indexed workspace in 1.43s
2025.04.26 10:05:47 WARN  no build target for: D:\workspace\github\snippets\giant-data-analysis\temporal-data-and-realtime-algorithm\scala-temporal-apache-flink\src\main\scala\com\spike\giantdataanalysis\flink\example\streaming\connector\ExampleStreamingRabbitMQConnector.scala
2025.04.26 10:05:55 WARN  Invalid text document uri received from build server: file:///D:/workspace/github/workbench/DataEngineering/codes/data-engineering-java/streaming/flink/src/main/java/com/spike/dataengineering/flink/datastream/WindowWordCount.java
2025.04.26 10:05:55 INFO  time: compiled workbench_aa18d1a41c in 8.71s
2025.04.26 10:05:55 INFO  compiling workbench_aa18d1a41c (23 scala sources and 307 java sources)
2025.04.26 10:06:03 INFO  time: compiled workbench_aa18d1a41c in 8.69s
2025.04.26 10:47:27 INFO  compiling workbench_aa18d1a41c (23 scala sources and 307 java sources)
2025.04.26 10:47:35 INFO  time: compiled workbench_aa18d1a41c in 8.37s
2025.04.26 10:47:35 INFO  time: Imported build in 8.89s
2025.04.26 10:47:35 INFO  compiling workbench_aa18d1a41c (23 scala sources and 307 java sources)
2025.04.26 10:47:35 INFO  running doctor check
2025.04.26 10:47:35 INFO  java targets: workbench_aa18d1a41c, workbench_aa18d1a41c-test
2025.04.26 10:47:36 INFO  time: indexed workspace in 1.25s
2025.04.26 10:47:36 WARN  no build target for: D:\workspace\github\snippets\giant-data-analysis\temporal-data-and-realtime-algorithm\scala-temporal-apache-flink\src\main\scala\com\spike\giantdataanalysis\flink\example\streaming\connector\ExampleStreamingRabbitMQConnector.scala
2025.04.26 10:47:43 INFO  time: compiled workbench_aa18d1a41c in 8.25s
2025.04.26 11:00:21 INFO  compiling workbench_aa18d1a41c (23 scala sources and 307 java sources)
2025.04.26 11:00:29 INFO  time: compiled workbench_aa18d1a41c in 8.08s
2025.04.26 11:52:17 INFO  compiling workbench_aa18d1a41c (23 scala sources and 307 java sources)
2025.04.26 11:52:29 INFO  time: compiled workbench_aa18d1a41c in 12s
2025.04.26 11:56:11 INFO  compiling workbench_aa18d1a41c (23 scala sources and 307 java sources)
2025.04.26 11:56:12 INFO  running doctor check
2025.04.26 11:56:12 INFO  java targets: workbench_aa18d1a41c, workbench_aa18d1a41c-test
2025.04.26 11:56:13 INFO  time: indexed workspace in 1.28s
2025.04.26 11:56:20 INFO  time: compiled workbench_aa18d1a41c in 8.48s
2025.04.26 11:56:20 WARN  no build target for: D:\workspace\github\snippets\giant-data-analysis\temporal-data-and-realtime-algorithm\scala-temporal-apache-flink\src\main\scala\com\spike\giantdataanalysis\flink\example\streaming\connector\ExampleStreamingRabbitMQConnector.scala
2025.04.26 11:56:20 INFO  compiling workbench_aa18d1a41c (23 scala sources and 307 java sources)
2025.04.26 11:56:29 INFO  time: compiled workbench_aa18d1a41c in 8.5s
2025.04.26 12:00:17 INFO  compiling workbench_aa18d1a41c (23 scala sources and 307 java sources)
2025.04.26 12:00:25 INFO  time: compiled workbench_aa18d1a41c in 8.26s
2025.04.26 12:00:38 INFO  compiling workbench_aa18d1a41c (23 scala sources and 307 java sources)
2025.04.26 12:00:46 INFO  time: compiled workbench_aa18d1a41c in 7.78s
2025.04.26 12:01:54 INFO  compiling workbench_aa18d1a41c (23 scala sources and 307 java sources)
2025.04.26 12:02:02 INFO  time: compiled workbench_aa18d1a41c in 8.26s
2025.04.26 13:10:07 INFO  compiling workbench_aa18d1a41c (23 scala sources and 307 java sources)
2025.04.26 13:10:15 INFO  time: compiled workbench_aa18d1a41c in 8.52s
2025.04.26 13:10:15 INFO  time: Imported build in 9.25s
2025.04.26 13:10:15 INFO  compiling workbench_aa18d1a41c (23 scala sources and 307 java sources)
2025.04.26 13:10:15 INFO  running doctor check
2025.04.26 13:10:15 INFO  java targets: workbench_aa18d1a41c, workbench_aa18d1a41c-test
2025.04.26 13:10:18 INFO  time: indexed workspace in 2.42s
2025.04.26 13:10:18 WARN  no build target for: D:\workspace\github\snippets\giant-data-analysis\temporal-data-and-realtime-algorithm\scala-temporal-apache-flink\src\main\scala\com\spike\giantdataanalysis\flink\example\streaming\connector\ExampleStreamingRabbitMQConnector.scala
2025.04.26 13:10:25 INFO  time: compiled workbench_aa18d1a41c in 9s
2025.04.26 18:21:41 INFO  compiling workbench_aa18d1a41c (23 scala sources and 307 java sources)
2025.04.26 18:21:49 INFO  time: compiled workbench_aa18d1a41c in 8.55s
2025.04.26 18:36:06 INFO  compiling workbench_aa18d1a41c (23 scala sources and 307 java sources)
2025.04.26 18:36:14 INFO  time: compiled workbench_aa18d1a41c in 8.3s
2025.04.26 18:53:49 INFO  compiling workbench_aa18d1a41c (23 scala sources and 307 java sources)
2025.04.26 18:53:57 INFO  time: compiled workbench_aa18d1a41c in 8.19s
2025.04.27 11:52:50 INFO  no build target found for D:\workspace\github\snippets\giant-data-analysis\temporal-data-and-realtime-algorithm\scala-temporal-apache-flink\src\main\scala\com\spike\giantdataanalysis\flink\example\package.scala. Using presentation compiler with project's scala-library version: 3.3.4
2025.04.27 11:52:50 INFO  no build target found for D:\workspace\github\snippets\giant-data-analysis\temporal-data-and-realtime-algorithm\scala-temporal-apache-flink\src\main\scala\com\spike\giantdataanalysis\flink\example\application\ExampleFlinkApplication.scala. Using presentation compiler with project's scala-library version: 3.3.4
2025.04.27 11:52:50 INFO  no build target found for D:\workspace\github\snippets\giant-data-analysis\temporal-data-and-realtime-algorithm\scala-temporal-apache-flink\src\main\scala\com\spike\giantdataanalysis\flink\example\libs\ExampleFlinkCEP.scala. Using presentation compiler with project's scala-library version: 3.3.4
2025.04.27 11:52:50 INFO  no build target found for D:\workspace\github\snippets\giant-data-analysis\temporal-data-and-realtime-algorithm\scala-temporal-apache-flink\src\main\scala\com\spike\giantdataanalysis\flink\example\streaming\connector\ExampleStreamingRabbitMQConnector.scala. Using presentation compiler with project's scala-library version: 3.3.4
2025.04.28 13:21:10 INFO  no build target found for D:\workspace\github\snippets\giant-data-analysis\temporal-data-and-realtime-algorithm\scala-temporal-apache-flink\src\main\scala\com\spike\giantdataanalysis\flink\example\libs\ExampleFlinkCEP.scala. Using presentation compiler with project's scala-library version: 3.3.4
2025.04.28 13:21:10 INFO  no build target found for D:\workspace\github\snippets\giant-data-analysis\temporal-data-and-realtime-algorithm\scala-temporal-apache-flink\src\main\scala\com\spike\giantdataanalysis\flink\example\libs\ExampleFlinkCEP.scala. Using presentation compiler with project's scala-library version: 3.3.4
2025.04.28 13:21:11 INFO  no build target found for D:\workspace\github\snippets\giant-data-analysis\temporal-data-and-realtime-algorithm\scala-temporal-apache-flink\src\main\scala\com\spike\giantdataanalysis\flink\example\libs\ExampleFlinkCEP.scala. Using presentation compiler with project's scala-library version: 3.3.4
4月 28, 2025 1:21:11 下午 org.eclipse.lsp4j.jsonrpc.RemoteEndpoint handleCancellation
警告: Unmatched cancel notification for request id 41
2025.04.28 13:21:10 INFO  no build target found for D:\workspace\github\snippets\giant-data-analysis\temporal-data-and-realtime-algorithm\scala-temporal-apache-flink\src\main\scala\com\spike\giantdataanalysis\flink\example\libs\ExampleFlinkCEP.scala. Using presentation compiler with project's scala-library version: 3.3.4
2025.04.28 13:21:12 INFO  no build target found for D:\workspace\github\snippets\giant-data-analysis\temporal-data-and-realtime-algorithm\scala-temporal-apache-flink\src\main\scala\com\spike\giantdataanalysis\flink\example\libs\ExampleFlinkCEP.scala. Using presentation compiler with project's scala-library version: 3.3.4
2025.04.28 13:21:12 INFO  no build target found for D:\workspace\github\snippets\giant-data-analysis\temporal-data-and-realtime-algorithm\scala-temporal-apache-flink\src\main\scala\com\spike\giantdataanalysis\flink\example\libs\ExampleFlinkCEP.scala. Using presentation compiler with project's scala-library version: 3.3.4
2025.04.28 13:21:26 INFO  no build target found for D:\workspace\github\snippets\giant-data-analysis\temporal-data-and-realtime-algorithm\scala-temporal-apache-flink\src\main\scala\com\spike\giantdataanalysis\flink\example\streaming\state\ExampleStreamingQueryableState.scala. Using presentation compiler with project's scala-library version: 3.3.4
2025.04.28 13:21:26 INFO  no build target found for D:\workspace\github\snippets\giant-data-analysis\temporal-data-and-realtime-algorithm\scala-temporal-apache-flink\src\main\scala\com\spike\giantdataanalysis\flink\example\streaming\state\ExampleStreamingQueryableState.scala. Using presentation compiler with project's scala-library version: 3.3.4
2025.04.28 13:21:26 INFO  no build target found for D:\workspace\github\snippets\giant-data-analysis\temporal-data-and-realtime-algorithm\scala-temporal-apache-flink\src\main\scala\com\spike\giantdataanalysis\flink\example\streaming\state\ExampleStreamingQueryableState.scala. Using presentation compiler with project's scala-library version: 3.3.4
2025.04.28 13:21:26 INFO  no build target found for D:\workspace\github\snippets\giant-data-analysis\temporal-data-and-realtime-algorithm\scala-temporal-apache-flink\src\main\scala\com\spike\giantdataanalysis\flink\example\streaming\state\ExampleStreamingQueryableState.scala. Using presentation compiler with project's scala-library version: 3.3.4
2025.04.28 13:21:27 INFO  no build target found for D:\workspace\github\snippets\giant-data-analysis\temporal-data-and-realtime-algorithm\scala-temporal-apache-flink\src\main\scala\com\spike\giantdataanalysis\flink\example\streaming\state\ExampleStreamingQueryableState.scala. Using presentation compiler with project's scala-library version: 3.3.4
2025.04.28 13:21:55 INFO  no build target found for D:\workspace\github\snippets\giant-data-analysis\temporal-data-and-realtime-algorithm\scala-temporal-apache-flink\src\main\scala\com\spike\giantdataanalysis\flink\example\streaming\state\ExampleStreamingQueryableState.scala. Using presentation compiler with project's scala-library version: 3.3.4
2025.04.28 13:21:55 INFO  no build target found for D:\workspace\github\snippets\giant-data-analysis\temporal-data-and-realtime-algorithm\scala-temporal-apache-flink\src\main\scala\com\spike\giantdataanalysis\flink\example\streaming\state\ExampleStreamingQueryableState.scala. Using presentation compiler with project's scala-library version: 3.3.4
2025.04.28 13:22:17 INFO  no build target found for D:\workspace\github\snippets\giant-data-analysis\temporal-data-and-realtime-algorithm\scala-temporal-apache-flink\src\main\scala\com\spike\giantdataanalysis\flink\example\streaming\state\ExampleStreamingQueryableState.scala. Using presentation compiler with project's scala-library version: 3.3.4
2025.04.28 13:23:07 INFO  no build target found for D:\workspace\github\snippets\giant-data-analysis\temporal-data-and-realtime-algorithm\scala-temporal-apache-flink\build.sbt. Using presentation compiler with project's scala-library version: 3.3.4
2025.04.28 13:23:07 INFO  no build target found for D:\workspace\github\snippets\giant-data-analysis\temporal-data-and-realtime-algorithm\scala-temporal-apache-flink\build.sbt. Using presentation compiler with project's scala-library version: 3.3.4
2025.04.28 13:23:08 INFO  no build target found for D:\workspace\github\snippets\giant-data-analysis\temporal-data-and-realtime-algorithm\scala-temporal-apache-flink\build.sbt. Using presentation compiler with project's scala-library version: 3.3.4
2025.04.28 13:23:08 INFO  no build target found for D:\workspace\github\snippets\giant-data-analysis\temporal-data-and-realtime-algorithm\scala-temporal-apache-flink\build.sbt. Using presentation compiler with project's scala-library version: 3.3.4
2025.04.28 13:24:18 INFO  no build target found for D:\workspace\github\snippets\giant-data-analysis\temporal-data-and-realtime-algorithm\scala-temporal-apache-flink\build.sbt. Using presentation compiler with project's scala-library version: 3.3.4
2025.04.28 13:24:18 INFO  no build target found for D:\workspace\github\snippets\giant-data-analysis\temporal-data-and-realtime-algorithm\scala-temporal-apache-flink\build.sbt. Using presentation compiler with project's scala-library version: 3.3.4
2025.04.28 13:24:21 INFO  no build target found for D:\workspace\github\snippets\giant-data-analysis\temporal-data-and-realtime-algorithm\scala-temporal-apache-flink\build.sbt. Using presentation compiler with project's scala-library version: 3.3.4
2025.04.28 13:24:21 INFO  no build target found for D:\workspace\github\snippets\giant-data-analysis\temporal-data-and-realtime-algorithm\scala-temporal-apache-flink\build.sbt. Using presentation compiler with project's scala-library version: 3.3.4
2025.04.28 13:24:22 INFO  no build target found for D:\workspace\github\snippets\giant-data-analysis\temporal-data-and-realtime-algorithm\scala-temporal-apache-flink\build.sbt. Using presentation compiler with project's scala-library version: 3.3.4
2025.04.28 13:24:33 INFO  no build target found for D:\workspace\github\snippets\giant-data-analysis\project-commons\scala-parent\build.sbt. Using presentation compiler with project's scala-library version: 3.3.4
2025.04.28 13:24:33 INFO  no build target found for D:\workspace\github\snippets\giant-data-analysis\project-commons\scala-parent\build.sbt. Using presentation compiler with project's scala-library version: 3.3.4
2025.04.28 13:24:33 INFO  no build target found for D:\workspace\github\snippets\giant-data-analysis\project-commons\scala-parent\build.sbt. Using presentation compiler with project's scala-library version: 3.3.4
2025.04.28 13:24:34 INFO  no build target found for D:\workspace\github\snippets\giant-data-analysis\project-commons\scala-parent\build.sbt. Using presentation compiler with project's scala-library version: 3.3.4
2025.04.28 13:24:39 INFO  no build target found for D:\workspace\github\snippets\giant-data-analysis\project-commons\scala-parent\build.sbt. Using presentation compiler with project's scala-library version: 3.3.4
2025.04.28 13:24:41 INFO  no build target found for D:\workspace\github\snippets\giant-data-analysis\project-commons\scala-parent\build.sbt. Using presentation compiler with project's scala-library version: 3.3.4
2025.04.28 13:24:41 INFO  no build target found for D:\workspace\github\snippets\giant-data-analysis\project-commons\scala-parent\build.sbt. Using presentation compiler with project's scala-library version: 3.3.4
2025.04.28 13:24:41 INFO  no build target found for D:\workspace\github\snippets\giant-data-analysis\project-commons\scala-parent\build.sbt. Using presentation compiler with project's scala-library version: 3.3.4
2025.04.28 13:24:41 INFO  no build target found for D:\workspace\github\snippets\giant-data-analysis\project-commons\scala-parent\build.sbt. Using presentation compiler with project's scala-library version: 3.3.4
2025.04.28 13:24:41 WARN  no build target for: D:\workspace\github\snippets\giant-data-analysis\project-commons\scala-parent\build.sbt
2025.04.28 13:24:41 INFO  no build target found for D:\workspace\github\snippets\giant-data-analysis\project-commons\scala-parent\build.sbt. Using presentation compiler with project's scala-library version: 3.3.4
2025.04.28 13:24:41 INFO  no build target found for D:\workspace\github\snippets\giant-data-analysis\project-commons\scala-parent\build.sbt. Using presentation compiler with project's scala-library version: 3.3.4
2025.04.28 13:24:45 INFO  no build target found for D:\workspace\github\snippets\giant-data-analysis\temporal-data-and-realtime-algorithm\scala-temporal-apache-flink\build.sbt. Using presentation compiler with project's scala-library version: 3.3.4
2025.04.28 13:24:45 INFO  no build target found for D:\workspace\github\snippets\giant-data-analysis\temporal-data-and-realtime-algorithm\scala-temporal-apache-flink\build.sbt. Using presentation compiler with project's scala-library version: 3.3.4
2025.04.28 13:24:53 INFO  no build target found for D:\workspace\github\snippets\giant-data-analysis\temporal-data-and-realtime-algorithm\scala-temporal-apache-flink\src\main\scala\com\spike\giantdataanalysis\flink\example\libs\ExampleFlinkCEP.scala. Using presentation compiler with project's scala-library version: 3.3.4
2025.04.28 13:24:53 INFO  no build target found for D:\workspace\github\snippets\giant-data-analysis\temporal-data-and-realtime-algorithm\scala-temporal-apache-flink\src\main\scala\com\spike\giantdataanalysis\flink\example\streaming\state\ExampleStreamingQueryableState.scala. Using presentation compiler with project's scala-library version: 3.3.4
2025.04.28 13:24:53 INFO  no build target found for D:\workspace\github\snippets\giant-data-analysis\project-commons\scala-parent\build.sbt. Using presentation compiler with project's scala-library version: 3.3.4
2025.04.28 13:24:53 INFO  no build target found for D:\workspace\github\snippets\giant-data-analysis\temporal-data-and-realtime-algorithm\scala-temporal-apache-flink\build.sbt. Using presentation compiler with project's scala-library version: 3.3.4
2025.04.28 13:24:53 INFO  no build target found for D:\workspace\github\snippets\giant-data-analysis\temporal-data-and-realtime-algorithm\scala-temporal-apache-flink\build.sbt. Using presentation compiler with project's scala-library version: 3.3.4
2025.04.28 13:25:02 INFO  no build target found for D:\workspace\github\snippets\giant-data-analysis\temporal-data-and-realtime-algorithm\scala-temporal-apache-flink\build.sbt. Using presentation compiler with project's scala-library version: 3.3.4
2025.04.28 13:25:02 INFO  no build target found for D:\workspace\github\snippets\giant-data-analysis\temporal-data-and-realtime-algorithm\scala-temporal-apache-flink\build.sbt. Using presentation compiler with project's scala-library version: 3.3.4
2025.04.28 13:25:02 INFO  no build target found for D:\workspace\github\snippets\giant-data-analysis\temporal-data-and-realtime-algorithm\scala-temporal-apache-flink\build.sbt. Using presentation compiler with project's scala-library version: 3.3.4
2025.04.28 13:25:02 INFO  no build target found for D:\workspace\github\snippets\giant-data-analysis\temporal-data-and-realtime-algorithm\scala-temporal-apache-flink\build.sbt. Using presentation compiler with project's scala-library version: 3.3.4
2025.04.28 13:25:36 INFO  no build target found for D:\workspace\github\snippets\giant-data-analysis\temporal-data-and-realtime-algorithm\scala-temporal-apache-flink\src\main\scala\com\spike\giantdataanalysis\flink\example\application\ExampleFlinkApplication.scala. Using presentation compiler with project's scala-library version: 3.3.4
2025.04.28 13:25:36 INFO  no build target found for D:\workspace\github\snippets\giant-data-analysis\temporal-data-and-realtime-algorithm\scala-temporal-apache-flink\src\main\scala\com\spike\giantdataanalysis\flink\example\application\ExampleFlinkApplication.scala. Using presentation compiler with project's scala-library version: 3.3.4
2025.04.28 13:25:36 INFO  no build target found for D:\workspace\github\snippets\giant-data-analysis\temporal-data-and-realtime-algorithm\scala-temporal-apache-flink\src\main\scala\com\spike\giantdataanalysis\flink\example\application\ExampleFlinkApplication.scala. Using presentation compiler with project's scala-library version: 3.3.4
2025.04.28 13:25:36 INFO  no build target found for D:\workspace\github\snippets\giant-data-analysis\temporal-data-and-realtime-algorithm\scala-temporal-apache-flink\src\main\scala\com\spike\giantdataanalysis\flink\example\application\ExampleFlinkApplication.scala. Using presentation compiler with project's scala-library version: 3.3.4
2025.04.28 13:25:36 INFO  no build target found for D:\workspace\github\snippets\giant-data-analysis\temporal-data-and-realtime-algorithm\scala-temporal-apache-flink\src\main\scala\com\spike\giantdataanalysis\flink\example\application\ExampleFlinkApplication.scala. Using presentation compiler with project's scala-library version: 3.3.4
2025.04.28 13:25:37 INFO  no build target found for D:\workspace\github\snippets\giant-data-analysis\temporal-data-and-realtime-algorithm\scala-temporal-apache-flink\src\main\scala\com\spike\giantdataanalysis\flink\example\application\ExampleFlinkApplication.scala. Using presentation compiler with project's scala-library version: 3.3.4
2025.04.28 13:25:58 INFO  no build target found for D:\workspace\github\snippets\giant-data-analysis\temporal-data-and-realtime-algorithm\scala-temporal-apache-flink\src\main\scala\com\spike\giantdataanalysis\flink\example\application\ExampleFlinkApplication.scala. Using presentation compiler with project's scala-library version: 3.3.4
2025.04.28 13:25:58 INFO  no build target found for D:\workspace\github\snippets\giant-data-analysis\temporal-data-and-realtime-algorithm\scala-temporal-apache-flink\src\main\scala\com\spike\giantdataanalysis\flink\example\application\ExampleFlinkApplication.scala. Using presentation compiler with project's scala-library version: 3.3.4
2025.04.28 13:25:58 INFO  no build target found for D:\workspace\github\snippets\giant-data-analysis\temporal-data-and-realtime-algorithm\scala-temporal-apache-flink\src\main\scala\com\spike\giantdataanalysis\flink\example\application\ExampleFlinkApplication.scala. Using presentation compiler with project's scala-library version: 3.3.4
2025.04.28 14:56:30 INFO  no build target found for D:\workspace\github\snippets\giant-data-analysis\temporal-data-and-realtime-algorithm\scala-temporal-apache-flink\src\main\scala\com\spike\giantdataanalysis\flink\example\application\ExampleFlinkApplication.scala. Using presentation compiler with project's scala-library version: 3.3.4
2025.04.28 14:56:30 INFO  no build target found for D:\workspace\github\snippets\giant-data-analysis\temporal-data-and-realtime-algorithm\scala-temporal-apache-flink\src\main\scala\com\spike\giantdataanalysis\flink\example\application\ExampleFlinkApplication.scala. Using presentation compiler with project's scala-library version: 3.3.4
2025.04.28 14:56:31 INFO  no build target found for D:\workspace\github\snippets\giant-data-analysis\temporal-data-and-realtime-algorithm\scala-temporal-apache-flink\src\main\scala\com\spike\giantdataanalysis\flink\example\application\ExampleFlinkApplication.scala. Using presentation compiler with project's scala-library version: 3.3.4
2025.04.28 14:56:31 INFO  no build target found for D:\workspace\github\snippets\giant-data-analysis\temporal-data-and-realtime-algorithm\scala-temporal-apache-flink\src\main\scala\com\spike\giantdataanalysis\flink\example\application\ExampleFlinkApplication.scala. Using presentation compiler with project's scala-library version: 3.3.4
2025.04.28 14:56:31 INFO  no build target found for D:\workspace\github\snippets\giant-data-analysis\temporal-data-and-realtime-algorithm\scala-temporal-apache-flink\src\main\scala\com\spike\giantdataanalysis\flink\example\application\ExampleFlinkApplication.scala. Using presentation compiler with project's scala-library version: 3.3.4
2025.04.28 14:57:19 INFO  no build target found for D:\workspace\github\snippets\giant-data-analysis\temporal-data-and-realtime-algorithm\scala-temporal-apache-flink\src\main\scala\com\spike\giantdataanalysis\flink\example\application\ExampleFlinkApplication.scala. Using presentation compiler with project's scala-library version: 3.3.4
2025.04.28 14:57:19 INFO  no build target found for D:\workspace\github\snippets\giant-data-analysis\temporal-data-and-realtime-algorithm\scala-temporal-apache-flink\src\main\scala\com\spike\giantdataanalysis\flink\example\application\ExampleFlinkApplication.scala. Using presentation compiler with project's scala-library version: 3.3.4
2025.04.28 14:57:19 INFO  no build target found for D:\workspace\github\snippets\giant-data-analysis\temporal-data-and-realtime-algorithm\scala-temporal-apache-flink\src\main\scala\com\spike\giantdataanalysis\flink\example\application\ExampleFlinkApplication.scala. Using presentation compiler with project's scala-library version: 3.3.4
2025.04.28 14:57:19 INFO  no build target found for D:\workspace\github\snippets\giant-data-analysis\temporal-data-and-realtime-algorithm\scala-temporal-apache-flink\src\main\scala\com\spike\giantdataanalysis\flink\example\application\ExampleFlinkApplication.scala. Using presentation compiler with project's scala-library version: 3.3.4
2025.04.28 14:57:19 INFO  no build target found for D:\workspace\github\snippets\giant-data-analysis\temporal-data-and-realtime-algorithm\scala-temporal-apache-flink\src\main\scala\com\spike\giantdataanalysis\flink\example\application\ExampleFlinkApplication.scala. Using presentation compiler with project's scala-library version: 3.3.4
2025.04.28 14:57:20 INFO  no build target found for D:\workspace\github\snippets\giant-data-analysis\temporal-data-and-realtime-algorithm\scala-temporal-apache-flink\src\main\scala\com\spike\giantdataanalysis\flink\example\application\ExampleFlinkApplication.scala. Using presentation compiler with project's scala-library version: 3.3.4
2025.04.28 14:57:20 INFO  no build target found for D:\workspace\github\snippets\giant-data-analysis\temporal-data-and-realtime-algorithm\scala-temporal-apache-flink\src\main\scala\com\spike\giantdataanalysis\flink\example\application\ExampleFlinkApplication.scala. Using presentation compiler with project's scala-library version: 3.3.4
2025.04.28 14:57:20 INFO  no build target found for D:\workspace\github\snippets\giant-data-analysis\temporal-data-and-realtime-algorithm\scala-temporal-apache-flink\src\main\scala\com\spike\giantdataanalysis\flink\example\application\ExampleFlinkApplication.scala. Using presentation compiler with project's scala-library version: 3.3.4
2025.04.28 15:17:42 INFO  no build target found for D:\workspace\github\snippets\giant-data-analysis\temporal-data-and-realtime-algorithm\scala-temporal-apache-flink\src\main\scala\com\spike\giantdataanalysis\flink\example\application\ExampleFlinkApplication.scala. Using presentation compiler with project's scala-library version: 3.3.4
2025.04.28 15:17:43 INFO  no build target found for D:\workspace\github\snippets\giant-data-analysis\temporal-data-and-realtime-algorithm\scala-temporal-apache-flink\src\main\scala\com\spike\giantdataanalysis\flink\example\application\ExampleFlinkApplication.scala. Using presentation compiler with project's scala-library version: 3.3.4
2025.04.28 15:17:43 INFO  compiling workbench_aa18d1a41c (23 scala sources and 300 java sources)
2025.04.28 15:17:51 INFO  time: compiled workbench_aa18d1a41c in 8.57s
2025.04.28 15:17:51 INFO  time: Imported build in 9.13s
2025.04.28 15:17:51 INFO  compiling workbench_aa18d1a41c (23 scala sources and 300 java sources)
2025.04.28 15:17:51 INFO  running doctor check
2025.04.28 15:17:51 INFO  java targets: workbench_aa18d1a41c, workbench_aa18d1a41c-test
2025.04.28 15:17:53 INFO  time: indexed workspace in 1.28s
2025.04.28 15:17:53 WARN  no build target for: D:\workspace\github\snippets\giant-data-analysis\temporal-data-and-realtime-algorithm\scala-temporal-apache-flink\src\main\scala\com\spike\giantdataanalysis\flink\example\application\ExampleFlinkApplication.scala
2025.04.28 15:17:53 INFO  no build target found for D:\workspace\github\snippets\giant-data-analysis\temporal-data-and-realtime-algorithm\scala-temporal-apache-flink\src\main\scala\com\spike\giantdataanalysis\flink\example\application\ExampleFlinkApplication.scala. Using presentation compiler with project's scala-library version: 3.3.4
2025.04.28 15:18:00 INFO  time: compiled workbench_aa18d1a41c in 8.4s
2025.04.28 15:19:53 INFO  compiling workbench_aa18d1a41c (23 scala sources and 300 java sources)
2025.04.28 15:19:53 INFO  running doctor check
2025.04.28 15:19:53 INFO  java targets: workbench_aa18d1a41c, workbench_aa18d1a41c-test
2025.04.28 15:19:54 INFO  time: indexed workspace in 1.23s
2025.04.28 15:19:54 WARN  no build target for: D:\workspace\github\snippets\giant-data-analysis\temporal-data-and-realtime-algorithm\scala-temporal-apache-flink\src\main\scala\com\spike\giantdataanalysis\flink\example\application\ExampleFlinkApplication.scala
2025.04.28 15:19:54 INFO  no build target found for D:\workspace\github\snippets\giant-data-analysis\temporal-data-and-realtime-algorithm\scala-temporal-apache-flink\src\main\scala\com\spike\giantdataanalysis\flink\example\application\ExampleFlinkApplication.scala. Using presentation compiler with project's scala-library version: 3.3.4
2025.04.28 15:20:02 INFO  time: compiled workbench_aa18d1a41c in 8.39s
2025.04.28 15:20:02 INFO  compiling workbench_aa18d1a41c (23 scala sources and 300 java sources)
2025.04.28 15:20:10 INFO  time: compiled workbench_aa18d1a41c in 8.42s
2025.04.28 15:20:26 INFO  compiling workbench_aa18d1a41c (23 scala sources and 300 java sources)
2025.04.28 15:20:26 INFO  running doctor check
2025.04.28 15:20:26 INFO  java targets: workbench_aa18d1a41c, workbench_aa18d1a41c-test
2025.04.28 15:20:27 INFO  time: indexed workspace in 1.22s
2025.04.28 15:20:27 WARN  no build target for: D:\workspace\github\snippets\giant-data-analysis\temporal-data-and-realtime-algorithm\scala-temporal-apache-flink\src\main\scala\com\spike\giantdataanalysis\flink\example\application\ExampleFlinkApplication.scala
2025.04.28 15:20:27 INFO  no build target found for D:\workspace\github\snippets\giant-data-analysis\temporal-data-and-realtime-algorithm\scala-temporal-apache-flink\src\main\scala\com\spike\giantdataanalysis\flink\example\application\ExampleFlinkApplication.scala. Using presentation compiler with project's scala-library version: 3.3.4
2025.04.28 15:20:34 INFO  time: compiled workbench_aa18d1a41c in 8.51s
2025.04.28 15:20:34 INFO  compiling workbench_aa18d1a41c (23 scala sources and 300 java sources)
2025.04.28 15:20:43 INFO  time: compiled workbench_aa18d1a41c in 8.46s
2025.04.28 16:14:19 INFO  no build target found for D:\workspace\github\snippets\giant-data-analysis\temporal-data-and-realtime-algorithm\scala-temporal-apache-flink\src\main\scala\com\spike\giantdataanalysis\flink\example\application\ExampleFlinkApplication.scala. Using presentation compiler with project's scala-library version: 3.3.4
2025.04.28 16:14:19 INFO  no build target found for D:\workspace\github\snippets\giant-data-analysis\temporal-data-and-realtime-algorithm\scala-temporal-apache-flink\src\main\scala\com\spike\giantdataanalysis\flink\example\application\ExampleFlinkApplication.scala. Using presentation compiler with project's scala-library version: 3.3.4
2025.04.28 16:14:20 INFO  compiling workbench_aa18d1a41c (23 scala sources and 300 java sources)
2025.04.28 16:14:19 INFO  no build target found for D:\workspace\github\snippets\giant-data-analysis\temporal-data-and-realtime-algorithm\scala-temporal-apache-flink\src\main\scala\com\spike\giantdataanalysis\flink\example\application\ExampleFlinkApplication.scala. Using presentation compiler with project's scala-library version: 3.3.4
2025.04.28 16:14:20 INFO  no build target found for D:\workspace\github\snippets\giant-data-analysis\temporal-data-and-realtime-algorithm\scala-temporal-apache-flink\src\main\scala\com\spike\giantdataanalysis\flink\example\application\ExampleFlinkApplication.scala. Using presentation compiler with project's scala-library version: 3.3.4
2025.04.28 16:14:20 INFO  no build target found for D:\workspace\github\snippets\giant-data-analysis\temporal-data-and-realtime-algorithm\scala-temporal-apache-flink\src\main\scala\com\spike\giantdataanalysis\flink\example\application\ExampleFlinkApplication.scala. Using presentation compiler with project's scala-library version: 3.3.4
2025.04.28 16:14:29 INFO  time: compiled workbench_aa18d1a41c in 8.32s
2025.04.28 16:19:14 INFO  compiling workbench_aa18d1a41c (23 scala sources and 300 java sources)
2025.04.28 16:19:14 INFO  running doctor check
2025.04.28 16:19:14 INFO  java targets: workbench_aa18d1a41c, workbench_aa18d1a41c-test
2025.04.28 16:19:15 INFO  time: indexed workspace in 1.31s
2025.04.28 16:19:15 WARN  no build target for: D:\workspace\github\snippets\giant-data-analysis\temporal-data-and-realtime-algorithm\scala-temporal-apache-flink\src\main\scala\com\spike\giantdataanalysis\flink\example\application\ExampleFlinkApplication.scala
2025.04.28 16:19:22 INFO  time: compiled workbench_aa18d1a41c in 8.43s
2025.04.28 16:19:22 INFO  compiling workbench_aa18d1a41c (23 scala sources and 300 java sources)
2025.04.28 16:19:31 INFO  time: compiled workbench_aa18d1a41c in 8.5s
2025.04.28 16:34:25 INFO  compiling workbench_aa18d1a41c (23 scala sources and 300 java sources)
2025.04.28 16:34:25 INFO  running doctor check
2025.04.28 16:34:25 INFO  java targets: workbench_aa18d1a41c, workbench_aa18d1a41c-test
2025.04.28 16:34:26 INFO  time: indexed workspace in 1.21s
2025.04.28 16:34:32 WARN  no build target for: D:\workspace\github\snippets\giant-data-analysis\temporal-data-and-realtime-algorithm\scala-temporal-apache-flink\src\main\scala\com\spike\giantdataanalysis\flink\example\application\ExampleFlinkApplication.scala
2025.04.28 16:34:32 INFO  compiling workbench_aa18d1a41c (23 scala sources and 300 java sources)
2025.04.28 16:34:41 INFO  time: compiled workbench_aa18d1a41c in 8.45s
2025.04.28 16:56:07 INFO  compiling workbench_aa18d1a41c (23 scala sources and 300 java sources)
2025.04.28 16:56:07 INFO  running doctor check
2025.04.28 16:56:07 INFO  java targets: workbench_aa18d1a41c, workbench_aa18d1a41c-test
2025.04.28 16:56:08 INFO  time: indexed workspace in 1.27s
2025.04.28 16:56:08 WARN  no build target for: D:\workspace\github\snippets\giant-data-analysis\temporal-data-and-realtime-algorithm\scala-temporal-apache-flink\src\main\scala\com\spike\giantdataanalysis\flink\example\application\ExampleFlinkApplication.scala
2025.04.28 16:56:15 INFO  time: compiled workbench_aa18d1a41c in 8.48s
2025.04.28 16:56:15 INFO  compiling workbench_aa18d1a41c (23 scala sources and 300 java sources)
2025.04.28 16:56:23 INFO  time: compiled workbench_aa18d1a41c in 8.3s
2025.04.28 17:08:46 INFO  compiling workbench_aa18d1a41c (23 scala sources and 300 java sources)
2025.04.28 17:08:46 INFO  running doctor check
2025.04.28 17:08:46 INFO  java targets: workbench_aa18d1a41c, workbench_aa18d1a41c-test
2025.04.28 17:08:47 INFO  time: indexed workspace in 1.23s
2025.04.28 17:08:47 WARN  no build target for: D:\workspace\github\snippets\giant-data-analysis\temporal-data-and-realtime-algorithm\scala-temporal-apache-flink\src\main\scala\com\spike\giantdataanalysis\flink\example\application\ExampleFlinkApplication.scala
2025.04.28 17:08:54 INFO  time: compiled workbench_aa18d1a41c in 8.43s
2025.04.28 17:08:54 INFO  compiling workbench_aa18d1a41c (23 scala sources and 300 java sources)
2025.04.28 17:09:03 INFO  time: compiled workbench_aa18d1a41c in 8.39s
2025.04.28 17:19:10 INFO  compiling workbench_aa18d1a41c (23 scala sources and 300 java sources)
2025.04.28 17:19:10 INFO  running doctor check
2025.04.28 17:19:10 INFO  java targets: workbench_aa18d1a41c, workbench_aa18d1a41c-test
2025.04.28 17:19:11 INFO  time: indexed workspace in 1.28s
2025.04.28 17:19:11 WARN  no build target for: D:\workspace\github\snippets\giant-data-analysis\temporal-data-and-realtime-algorithm\scala-temporal-apache-flink\src\main\scala\com\spike\giantdataanalysis\flink\example\application\ExampleFlinkApplication.scala
2025.04.28 17:19:19 INFO  time: compiled workbench_aa18d1a41c in 8.46s
2025.04.28 17:19:19 INFO  compiling workbench_aa18d1a41c (23 scala sources and 300 java sources)
2025.04.28 17:19:27 INFO  time: compiled workbench_aa18d1a41c in 7.99s
2025.04.28 17:49:23 INFO  compiling workbench_aa18d1a41c (23 scala sources and 300 java sources)
2025.04.28 17:49:23 INFO  running doctor check
2025.04.28 17:49:23 INFO  java targets: workbench_aa18d1a41c, workbench_aa18d1a41c-test
2025.04.28 17:49:24 INFO  time: indexed workspace in 1.23s
2025.04.28 17:49:24 WARN  no build target for: D:\workspace\github\snippets\giant-data-analysis\temporal-data-and-realtime-algorithm\scala-temporal-apache-flink\src\main\scala\com\spike\giantdataanalysis\flink\example\application\ExampleFlinkApplication.scala
2025.04.28 17:49:31 INFO  time: compiled workbench_aa18d1a41c in 8.27s
2025.04.28 17:49:31 INFO  compiling workbench_aa18d1a41c (23 scala sources and 300 java sources)
2025.04.28 17:49:40 INFO  time: compiled workbench_aa18d1a41c in 8.57s
2025.04.28 18:15:23 INFO  compiling workbench_aa18d1a41c (23 scala sources and 300 java sources)
2025.04.28 18:15:23 INFO  running doctor check
2025.04.28 18:15:23 INFO  java targets: workbench_aa18d1a41c, workbench_aa18d1a41c-test
2025.04.28 18:15:24 INFO  time: indexed workspace in 1.21s
2025.04.28 18:15:24 WARN  no build target for: D:\workspace\github\snippets\giant-data-analysis\temporal-data-and-realtime-algorithm\scala-temporal-apache-flink\src\main\scala\com\spike\giantdataanalysis\flink\example\application\ExampleFlinkApplication.scala
2025.04.28 18:15:31 INFO  time: compiled workbench_aa18d1a41c in 8.3s
2025.04.28 18:15:31 INFO  compiling workbench_aa18d1a41c (23 scala sources and 300 java sources)
2025.04.28 18:15:40 INFO  time: compiled workbench_aa18d1a41c in 8.52s
2025.04.28 18:28:22 INFO  compiling workbench_aa18d1a41c (23 scala sources and 300 java sources)
2025.04.28 18:28:22 INFO  running doctor check
2025.04.28 18:28:22 INFO  java targets: workbench_aa18d1a41c, workbench_aa18d1a41c-test
2025.04.28 18:28:23 INFO  time: indexed workspace in 1.22s
2025.04.28 18:28:23 WARN  no build target for: D:\workspace\github\snippets\giant-data-analysis\temporal-data-and-realtime-algorithm\scala-temporal-apache-flink\src\main\scala\com\spike\giantdataanalysis\flink\example\application\ExampleFlinkApplication.scala
2025.04.28 18:28:31 INFO  time: compiled workbench_aa18d1a41c in 8.59s
2025.04.28 18:28:31 INFO  compiling workbench_aa18d1a41c (23 scala sources and 300 java sources)
2025.04.28 18:28:39 INFO  time: compiled workbench_aa18d1a41c in 8.44s
2025.04.29 08:31:05 INFO  compiling workbench_aa18d1a41c (23 scala sources and 300 java sources)
2025.04.29 08:31:14 INFO  time: compiled workbench_aa18d1a41c in 8.35s
2025.04.29 08:31:25 INFO  no build target found for D:\workspace\github\snippets\giant-data-analysis\temporal-data-and-realtime-algorithm\scala-temporal-apache-flink\src\main\scala\com\spike\giantdataanalysis\flink\example\application\ExampleFlinkApplication.scala. Using presentation compiler with project's scala-library version: 3.3.4
2025.04.29 08:31:25 INFO  no build target found for D:\workspace\github\snippets\giant-data-analysis\temporal-data-and-realtime-algorithm\scala-temporal-apache-flink\src\main\scala\com\spike\giantdataanalysis\flink\example\application\ExampleFlinkApplication.scala. Using presentation compiler with project's scala-library version: 3.3.4
2025.04.29 08:31:25 INFO  no build target found for D:\workspace\github\snippets\giant-data-analysis\temporal-data-and-realtime-algorithm\scala-temporal-apache-flink\src\main\scala\com\spike\giantdataanalysis\flink\example\application\ExampleFlinkApplication.scala. Using presentation compiler with project's scala-library version: 3.3.4
2025.04.29 08:31:25 INFO  no build target found for D:\workspace\github\snippets\giant-data-analysis\temporal-data-and-realtime-algorithm\scala-temporal-apache-flink\src\main\scala\com\spike\giantdataanalysis\flink\example\application\ExampleFlinkApplication.scala. Using presentation compiler with project's scala-library version: 3.3.4
2025.04.29 08:51:35 INFO  no build target found for D:\workspace\github\snippets\giant-data-analysis\temporal-data-and-realtime-algorithm\scala-temporal-apache-flink\src\main\scala\com\spike\giantdataanalysis\flink\example\application\ExampleFlinkApplication.scala. Using presentation compiler with project's scala-library version: 3.3.4
2025.04.29 08:51:35 INFO  compiling workbench_aa18d1a41c (23 scala sources and 300 java sources)
2025.04.29 08:51:35 INFO  running doctor check
2025.04.29 08:51:35 INFO  java targets: workbench_aa18d1a41c, workbench_aa18d1a41c-test
2025.04.29 08:51:35 INFO  no build target found for D:\workspace\github\snippets\giant-data-analysis\temporal-data-and-realtime-algorithm\scala-temporal-apache-flink\src\main\scala\com\spike\giantdataanalysis\flink\example\application\ExampleFlinkApplication.scala. Using presentation compiler with project's scala-library version: 3.3.4
2025.04.29 08:51:37 INFO  time: indexed workspace in 2.16s
2025.04.29 08:51:37 WARN  no build target for: D:\workspace\github\snippets\giant-data-analysis\temporal-data-and-realtime-algorithm\scala-temporal-apache-flink\src\main\scala\com\spike\giantdataanalysis\flink\example\application\ExampleFlinkApplication.scala
2025.04.29 08:51:37 INFO  no build target found for D:\workspace\github\snippets\giant-data-analysis\temporal-data-and-realtime-algorithm\scala-temporal-apache-flink\src\main\scala\com\spike\giantdataanalysis\flink\example\application\ExampleFlinkApplication.scala. Using presentation compiler with project's scala-library version: 3.3.4
2025.04.29 08:51:43 INFO  time: compiled workbench_aa18d1a41c in 8.59s
2025.04.29 08:51:43 INFO  compiling workbench_aa18d1a41c (23 scala sources and 300 java sources)
2025.04.29 08:51:52 INFO  time: compiled workbench_aa18d1a41c in 8.39s
2025.04.29 09:09:20 INFO  no build target found for D:\workspace\github\snippets\giant-data-analysis\temporal-data-and-realtime-algorithm\scala-temporal-apache-flink\src\main\scala\com\spike\giantdataanalysis\flink\example\application\ExampleFlinkApplication.scala. Using presentation compiler with project's scala-library version: 3.3.4
2025.04.29 09:09:20 INFO  compiling workbench_aa18d1a41c (23 scala sources and 300 java sources)
2025.04.29 09:09:20 INFO  running doctor check
2025.04.29 09:09:20 INFO  java targets: workbench_aa18d1a41c, workbench_aa18d1a41c-test
2025.04.29 09:09:20 INFO  no build target found for D:\workspace\github\snippets\giant-data-analysis\temporal-data-and-realtime-algorithm\scala-temporal-apache-flink\src\main\scala\com\spike\giantdataanalysis\flink\example\application\ExampleFlinkApplication.scala. Using presentation compiler with project's scala-library version: 3.3.4
2025.04.29 09:09:22 INFO  time: indexed workspace in 1.97s
2025.04.29 09:09:28 WARN  no build target for: D:\workspace\github\snippets\giant-data-analysis\temporal-data-and-realtime-algorithm\scala-temporal-apache-flink\src\main\scala\com\spike\giantdataanalysis\flink\example\application\ExampleFlinkApplication.scala
2025.04.29 09:09:28 INFO  no build target found for D:\workspace\github\snippets\giant-data-analysis\temporal-data-and-realtime-algorithm\scala-temporal-apache-flink\src\main\scala\com\spike\giantdataanalysis\flink\example\application\ExampleFlinkApplication.scala. Using presentation compiler with project's scala-library version: 3.3.4
2025.04.29 09:09:28 INFO  compiling workbench_aa18d1a41c (23 scala sources and 300 java sources)
2025.04.29 09:09:37 INFO  time: compiled workbench_aa18d1a41c in 8.9s
2025.04.29 09:14:52 INFO  no build target found for D:\workspace\github\snippets\giant-data-analysis\temporal-data-and-realtime-algorithm\scala-temporal-apache-flink\src\main\scala\com\spike\giantdataanalysis\flink\example\application\ExampleFlinkApplication.scala. Using presentation compiler with project's scala-library version: 3.3.4
2025.04.29 09:14:53 INFO  compiling workbench_aa18d1a41c (23 scala sources and 300 java sources)
2025.04.29 09:14:54 INFO  no build target found for D:\workspace\github\snippets\giant-data-analysis\temporal-data-and-realtime-algorithm\scala-temporal-apache-flink\src\main\scala\com\spike\giantdataanalysis\flink\example\application\ExampleFlinkApplication.scala. Using presentation compiler with project's scala-library version: 3.3.4
2025.04.29 09:14:54 INFO  no build target found for D:\workspace\github\snippets\giant-data-analysis\temporal-data-and-realtime-algorithm\scala-temporal-apache-flink\src\main\scala\com\spike\giantdataanalysis\flink\example\application\ExampleFlinkApplication.scala. Using presentation compiler with project's scala-library version: 3.3.4
2025.04.29 09:15:07 INFO  time: compiled workbench_aa18d1a41c in 14s
2025.04.29 09:31:20 INFO  compiling workbench_aa18d1a41c (23 scala sources and 300 java sources)
2025.04.29 09:31:20 INFO  running doctor check
2025.04.29 09:31:20 INFO  java targets: workbench_aa18d1a41c, workbench_aa18d1a41c-test
2025.04.29 09:31:22 INFO  time: indexed workspace in 1.7s
2025.04.29 09:31:22 WARN  no build target for: D:\workspace\github\snippets\giant-data-analysis\temporal-data-and-realtime-algorithm\scala-temporal-apache-flink\src\main\scala\com\spike\giantdataanalysis\flink\example\application\ExampleFlinkApplication.scala
2025.04.29 09:31:28 INFO  time: compiled workbench_aa18d1a41c in 8.19s
2025.04.29 09:31:28 INFO  compiling workbench_aa18d1a41c (23 scala sources and 300 java sources)
2025.04.29 09:31:37 INFO  time: compiled workbench_aa18d1a41c in 8.36s
2025.04.29 09:32:08 INFO  compiling workbench_aa18d1a41c (23 scala sources and 300 java sources)
2025.04.29 09:32:08 INFO  running doctor check
2025.04.29 09:32:08 INFO  java targets: workbench_aa18d1a41c, workbench_aa18d1a41c-test
2025.04.29 09:32:09 INFO  time: indexed workspace in 1.72s
2025.04.29 09:32:16 WARN  no build target for: D:\workspace\github\snippets\giant-data-analysis\temporal-data-and-realtime-algorithm\scala-temporal-apache-flink\src\main\scala\com\spike\giantdataanalysis\flink\example\application\ExampleFlinkApplication.scala
2025.04.29 09:32:16 INFO  compiling workbench_aa18d1a41c (23 scala sources and 300 java sources)
2025.04.29 09:32:25 INFO  time: compiled workbench_aa18d1a41c in 8.62s
2025.04.29 09:32:25 INFO  compiling workbench_aa18d1a41c (23 scala sources and 300 java sources)
2025.04.29 09:32:26 INFO  running doctor check
2025.04.29 09:32:26 INFO  java targets: workbench_aa18d1a41c, workbench_aa18d1a41c-test
2025.04.29 09:32:28 INFO  time: indexed workspace in 1.99s
2025.04.29 09:32:34 INFO  time: compiled workbench_aa18d1a41c in 8.45s
2025.04.29 09:32:34 WARN  no build target for: D:\workspace\github\snippets\giant-data-analysis\temporal-data-and-realtime-algorithm\scala-temporal-apache-flink\src\main\scala\com\spike\giantdataanalysis\flink\example\application\ExampleFlinkApplication.scala
2025.04.29 09:32:34 INFO  compiling workbench_aa18d1a41c (23 scala sources and 300 java sources)
2025.04.29 09:32:42 INFO  time: compiled workbench_aa18d1a41c in 8.31s
2025.04.29 09:32:42 INFO  compiling workbench_aa18d1a41c (23 scala sources and 300 java sources)
2025.04.29 09:32:43 INFO  running doctor check
2025.04.29 09:32:43 INFO  java targets: workbench_aa18d1a41c, workbench_aa18d1a41c-test
2025.04.29 09:32:45 INFO  time: indexed workspace in 1.83s
2025.04.29 09:32:52 INFO  time: compiled workbench_aa18d1a41c in 8.47s
2025.04.29 09:32:52 WARN  no build target for: D:\workspace\github\snippets\giant-data-analysis\temporal-data-and-realtime-algorithm\scala-temporal-apache-flink\src\main\scala\com\spike\giantdataanalysis\flink\example\application\ExampleFlinkApplication.scala
2025.04.29 09:32:52 INFO  compiling workbench_aa18d1a41c (23 scala sources and 300 java sources)
2025.04.29 09:33:00 INFO  time: compiled workbench_aa18d1a41c in 8.31s
2025.04.29 09:33:00 INFO  compiling workbench_aa18d1a41c (23 scala sources and 300 java sources)
2025.04.29 09:33:01 INFO  running doctor check
2025.04.29 09:33:01 INFO  java targets: workbench_aa18d1a41c, workbench_aa18d1a41c-test
2025.04.29 09:33:03 INFO  time: indexed workspace in 1.9s
2025.04.29 09:33:03 WARN  no build target for: D:\workspace\github\snippets\giant-data-analysis\temporal-data-and-realtime-algorithm\scala-temporal-apache-flink\src\main\scala\com\spike\giantdataanalysis\flink\example\application\ExampleFlinkApplication.scala
2025.04.29 09:33:09 INFO  time: compiled workbench_aa18d1a41c in 8.23s
2025.04.29 09:33:09 INFO  compiling workbench_aa18d1a41c (23 scala sources and 300 java sources)
2025.04.29 09:33:17 INFO  time: compiled workbench_aa18d1a41c in 8.44s
2025.04.29 09:33:17 INFO  compiling workbench_aa18d1a41c (23 scala sources and 300 java sources)
2025.04.29 09:33:18 INFO  running doctor check
2025.04.29 09:33:18 INFO  java targets: workbench_aa18d1a41c, workbench_aa18d1a41c-test
2025.04.29 09:33:20 INFO  time: indexed workspace in 1.74s
2025.04.29 09:33:26 INFO  time: compiled workbench_aa18d1a41c in 8.06s
2025.04.29 09:33:26 WARN  no build target for: D:\workspace\github\snippets\giant-data-analysis\temporal-data-and-realtime-algorithm\scala-temporal-apache-flink\src\main\scala\com\spike\giantdataanalysis\flink\example\application\ExampleFlinkApplication.scala
2025.04.29 09:33:26 INFO  compiling workbench_aa18d1a41c (23 scala sources and 300 java sources)
2025.04.29 09:33:34 INFO  time: compiled workbench_aa18d1a41c in 8.04s
2025.04.29 09:33:34 INFO  compiling workbench_aa18d1a41c (23 scala sources and 300 java sources)
2025.04.29 09:33:35 INFO  running doctor check
2025.04.29 09:33:35 INFO  java targets: workbench_aa18d1a41c, workbench_aa18d1a41c-test
2025.04.29 09:33:36 INFO  time: indexed workspace in 1.76s
2025.04.29 09:33:43 WARN  no build target for: D:\workspace\github\snippets\giant-data-analysis\temporal-data-and-realtime-algorithm\scala-temporal-apache-flink\src\main\scala\com\spike\giantdataanalysis\flink\example\application\ExampleFlinkApplication.scala
2025.04.29 09:33:43 INFO  compiling workbench_aa18d1a41c (23 scala sources and 300 java sources)
2025.04.29 09:33:51 INFO  time: compiled workbench_aa18d1a41c in 8.39s
2025.04.29 09:33:51 INFO  compiling workbench_aa18d1a41c (23 scala sources and 300 java sources)
2025.04.29 09:33:52 INFO  running doctor check
2025.04.29 09:33:52 INFO  java targets: workbench_aa18d1a41c, workbench_aa18d1a41c-test
2025.04.29 09:33:53 INFO  time: indexed workspace in 1.64s
2025.04.29 09:34:00 INFO  time: compiled workbench_aa18d1a41c in 8.47s
2025.04.29 09:34:00 WARN  no build target for: D:\workspace\github\snippets\giant-data-analysis\temporal-data-and-realtime-algorithm\scala-temporal-apache-flink\src\main\scala\com\spike\giantdataanalysis\flink\example\application\ExampleFlinkApplication.scala
2025.04.29 09:34:00 INFO  compiling workbench_aa18d1a41c (23 scala sources and 300 java sources)
2025.04.29 09:34:09 INFO  time: compiled workbench_aa18d1a41c in 8.31s
2025.04.29 09:35:03 INFO  compiling workbench_aa18d1a41c (23 scala sources and 300 java sources)
2025.04.29 09:35:03 INFO  running doctor check
2025.04.29 09:35:03 INFO  java targets: workbench_aa18d1a41c, workbench_aa18d1a41c-test
2025.04.29 09:35:05 INFO  time: indexed workspace in 1.79s
2025.04.29 09:35:05 WARN  no build target for: D:\workspace\github\snippets\giant-data-analysis\temporal-data-and-realtime-algorithm\scala-temporal-apache-flink\src\main\scala\com\spike\giantdataanalysis\flink\example\application\ExampleFlinkApplication.scala
2025.04.29 09:35:12 INFO  time: compiled workbench_aa18d1a41c in 8.42s
2025.04.29 09:35:12 INFO  compiling workbench_aa18d1a41c (23 scala sources and 300 java sources)
2025.04.29 09:35:20 INFO  time: compiled workbench_aa18d1a41c in 8.79s
2025.04.29 10:34:45 INFO  compiling workbench_aa18d1a41c (23 scala sources and 300 java sources)
2025.04.29 10:34:54 INFO  time: compiled workbench_aa18d1a41c in 8.61s
2025.04.29 10:34:54 INFO  time: Imported build in 9.04s
2025.04.29 10:34:54 INFO  compiling workbench_aa18d1a41c (23 scala sources and 300 java sources)
2025.04.29 10:34:54 INFO  running doctor check
2025.04.29 10:34:54 INFO  java targets: workbench_aa18d1a41c, workbench_aa18d1a41c-test
2025.04.29 10:34:56 INFO  time: indexed workspace in 2.13s
2025.04.29 10:34:56 WARN  no build target for: D:\workspace\github\snippets\giant-data-analysis\temporal-data-and-realtime-algorithm\scala-temporal-apache-flink\src\main\scala\com\spike\giantdataanalysis\flink\example\application\ExampleFlinkApplication.scala
2025.04.29 10:35:03 INFO  time: compiled workbench_aa18d1a41c in 8.51s
2025.04.29 11:02:20 INFO  compiling workbench_aa18d1a41c (23 scala sources and 300 java sources)
2025.04.29 11:02:20 INFO  running doctor check
2025.04.29 11:02:20 INFO  java targets: workbench_aa18d1a41c, workbench_aa18d1a41c-test
2025.04.29 11:02:21 INFO  time: indexed workspace in 1.77s
2025.04.29 11:02:28 INFO  time: compiled workbench_aa18d1a41c in 7.91s
2025.04.29 11:02:28 WARN  no build target for: D:\workspace\github\snippets\giant-data-analysis\temporal-data-and-realtime-algorithm\scala-temporal-apache-flink\src\main\scala\com\spike\giantdataanalysis\flink\example\application\ExampleFlinkApplication.scala
2025.04.29 11:02:28 INFO  compiling workbench_aa18d1a41c (23 scala sources and 300 java sources)
2025.04.29 11:02:37 INFO  time: compiled workbench_aa18d1a41c in 8.88s
2025.04.29 11:49:01 INFO  compiling workbench_aa18d1a41c (23 scala sources and 300 java sources)
2025.04.29 11:49:02 INFO  running doctor check
2025.04.29 11:49:02 INFO  java targets: workbench_aa18d1a41c, workbench_aa18d1a41c-test
2025.04.29 11:49:03 INFO  time: indexed workspace in 1.83s
2025.04.29 11:49:03 WARN  no build target for: D:\workspace\github\snippets\giant-data-analysis\temporal-data-and-realtime-algorithm\scala-temporal-apache-flink\src\main\scala\com\spike\giantdataanalysis\flink\example\application\ExampleFlinkApplication.scala
2025.04.29 11:49:10 INFO  compiling workbench_aa18d1a41c (23 scala sources and 300 java sources)
2025.04.29 11:49:19 INFO  time: compiled workbench_aa18d1a41c in 8.64s
2025.04.29 13:33:34 INFO  compiling workbench_aa18d1a41c (23 scala sources and 300 java sources)
2025.04.29 13:33:34 INFO  running doctor check
2025.04.29 13:33:34 INFO  java targets: workbench_aa18d1a41c, workbench_aa18d1a41c-test
2025.04.29 13:33:36 INFO  time: indexed workspace in 1.81s
2025.04.29 13:33:43 WARN  no build target for: D:\workspace\github\snippets\giant-data-analysis\temporal-data-and-realtime-algorithm\scala-temporal-apache-flink\src\main\scala\com\spike\giantdataanalysis\flink\example\application\ExampleFlinkApplication.scala
2025.04.29 13:33:43 INFO  compiling workbench_aa18d1a41c (23 scala sources and 300 java sources)
2025.04.29 13:33:51 INFO  time: compiled workbench_aa18d1a41c in 8.4s
2025.04.29 13:59:00 INFO  compiling workbench_aa18d1a41c (23 scala sources and 300 java sources)
2025.04.29 13:59:01 INFO  running doctor check
2025.04.29 13:59:01 INFO  java targets: workbench_aa18d1a41c, workbench_aa18d1a41c-test
2025.04.29 13:59:02 INFO  time: indexed workspace in 1.94s
2025.04.29 13:59:09 WARN  no build target for: D:\workspace\github\snippets\giant-data-analysis\temporal-data-and-realtime-algorithm\scala-temporal-apache-flink\src\main\scala\com\spike\giantdataanalysis\flink\example\application\ExampleFlinkApplication.scala
2025.04.29 13:59:09 INFO  compiling workbench_aa18d1a41c (23 scala sources and 300 java sources)
2025.04.29 13:59:18 INFO  time: compiled workbench_aa18d1a41c in 8.61s
2025.04.29 14:07:51 INFO  compiling workbench_aa18d1a41c (23 scala sources and 300 java sources)
2025.04.29 14:07:52 INFO  running doctor check
2025.04.29 14:07:52 INFO  java targets: workbench_aa18d1a41c, workbench_aa18d1a41c-test
2025.04.29 14:07:53 INFO  time: indexed workspace in 1.72s
2025.04.29 14:08:00 INFO  time: compiled workbench_aa18d1a41c in 8.52s
2025.04.29 14:08:00 WARN  no build target for: D:\workspace\github\snippets\giant-data-analysis\temporal-data-and-realtime-algorithm\scala-temporal-apache-flink\src\main\scala\com\spike\giantdataanalysis\flink\example\application\ExampleFlinkApplication.scala
2025.04.29 14:08:00 INFO  compiling workbench_aa18d1a41c (23 scala sources and 300 java sources)
2025.04.29 14:08:09 INFO  time: compiled workbench_aa18d1a41c in 8.74s
2025.04.29 14:16:53 INFO  compiling workbench_aa18d1a41c (23 scala sources and 300 java sources)
2025.04.29 14:16:54 INFO  running doctor check
2025.04.29 14:16:54 INFO  java targets: workbench_aa18d1a41c, workbench_aa18d1a41c-test
2025.04.29 14:16:55 INFO  time: indexed workspace in 1.83s
2025.04.29 14:17:02 INFO  time: compiled workbench_aa18d1a41c in 8.43s
2025.04.29 14:17:02 WARN  no build target for: D:\workspace\github\snippets\giant-data-analysis\temporal-data-and-realtime-algorithm\scala-temporal-apache-flink\src\main\scala\com\spike\giantdataanalysis\flink\example\application\ExampleFlinkApplication.scala
2025.04.29 14:17:02 INFO  compiling workbench_aa18d1a41c (23 scala sources and 300 java sources)
2025.04.29 14:17:10 INFO  time: compiled workbench_aa18d1a41c in 8.64s
2025.04.29 14:43:05 INFO  compiling workbench_aa18d1a41c (23 scala sources and 300 java sources)
2025.04.29 14:43:05 INFO  running doctor check
2025.04.29 14:43:05 INFO  java targets: workbench_aa18d1a41c, workbench_aa18d1a41c-test
2025.04.29 14:43:07 INFO  time: indexed workspace in 1.75s
2025.04.29 14:43:07 WARN  no build target for: D:\workspace\github\snippets\giant-data-analysis\temporal-data-and-realtime-algorithm\scala-temporal-apache-flink\src\main\scala\com\spike\giantdataanalysis\flink\example\application\ExampleFlinkApplication.scala
2025.04.29 14:43:13 INFO  time: compiled workbench_aa18d1a41c in 8.3s
2025.04.29 14:43:13 INFO  compiling workbench_aa18d1a41c (23 scala sources and 300 java sources)
2025.04.29 14:43:22 INFO  time: compiled workbench_aa18d1a41c in 8.44s
2025.04.29 15:30:08 INFO  compiling workbench_aa18d1a41c (23 scala sources and 300 java sources)
2025.04.29 15:30:17 INFO  time: compiled workbench_aa18d1a41c in 8.82s
2025.04.29 15:30:17 INFO  time: Imported build in 9.45s
2025.04.29 15:30:17 INFO  compiling workbench_aa18d1a41c (23 scala sources and 300 java sources)
2025.04.29 15:30:17 INFO  running doctor check
2025.04.29 15:30:17 INFO  java targets: workbench_aa18d1a41c, workbench_aa18d1a41c-test
2025.04.29 15:30:19 INFO  time: indexed workspace in 2.14s
2025.04.29 15:30:19 WARN  no build target for: D:\workspace\github\snippets\giant-data-analysis\temporal-data-and-realtime-algorithm\scala-temporal-apache-flink\src\main\scala\com\spike\giantdataanalysis\flink\example\application\ExampleFlinkApplication.scala
2025.04.29 15:30:25 INFO  time: compiled workbench_aa18d1a41c in 8.36s
2025.04.29 16:36:10 INFO  compiling workbench_aa18d1a41c (23 scala sources and 300 java sources)
2025.04.29 16:36:10 INFO  running doctor check
2025.04.29 16:36:10 INFO  java targets: workbench_aa18d1a41c, workbench_aa18d1a41c-test
2025.04.29 16:36:12 INFO  time: indexed workspace in 2.04s
2025.04.29 16:36:18 INFO  time: compiled workbench_aa18d1a41c in 8.22s
2025.04.29 16:36:18 WARN  no build target for: D:\workspace\github\snippets\giant-data-analysis\temporal-data-and-realtime-algorithm\scala-temporal-apache-flink\src\main\scala\com\spike\giantdataanalysis\flink\example\application\ExampleFlinkApplication.scala
2025.04.29 16:36:18 INFO  compiling workbench_aa18d1a41c (23 scala sources and 300 java sources)
2025.04.29 16:36:27 INFO  time: compiled workbench_aa18d1a41c in 8.57s
2025.04.29 16:46:15 INFO  compiling workbench_aa18d1a41c (23 scala sources and 300 java sources)
2025.04.29 16:46:15 INFO  running doctor check
2025.04.29 16:46:15 INFO  java targets: workbench_aa18d1a41c, workbench_aa18d1a41c-test
2025.04.29 16:46:17 INFO  time: indexed workspace in 1.77s
2025.04.29 16:46:23 WARN  no build target for: D:\workspace\github\snippets\giant-data-analysis\temporal-data-and-realtime-algorithm\scala-temporal-apache-flink\src\main\scala\com\spike\giantdataanalysis\flink\example\application\ExampleFlinkApplication.scala
2025.04.29 16:46:23 INFO  compiling workbench_aa18d1a41c (23 scala sources and 300 java sources)
2025.04.29 16:46:32 INFO  time: compiled workbench_aa18d1a41c in 8.5s
2025.04.29 16:46:32 INFO  compiling workbench_aa18d1a41c (23 scala sources and 300 java sources)
2025.04.29 16:46:32 INFO  running doctor check
2025.04.29 16:46:32 INFO  java targets: workbench_aa18d1a41c, workbench_aa18d1a41c-test
2025.04.29 16:46:34 INFO  time: indexed workspace in 1.69s
2025.04.29 16:46:40 WARN  no build target for: D:\workspace\github\snippets\giant-data-analysis\temporal-data-and-realtime-algorithm\scala-temporal-apache-flink\src\main\scala\com\spike\giantdataanalysis\flink\example\application\ExampleFlinkApplication.scala
2025.04.29 16:46:40 INFO  compiling workbench_aa18d1a41c (23 scala sources and 300 java sources)
2025.04.29 16:46:49 INFO  time: compiled workbench_aa18d1a41c in 8.3s
2025.04.29 16:46:49 INFO  compiling workbench_aa18d1a41c (23 scala sources and 300 java sources)
2025.04.29 16:46:50 INFO  running doctor check
2025.04.29 16:46:50 INFO  java targets: workbench_aa18d1a41c, workbench_aa18d1a41c-test
2025.04.29 16:46:51 INFO  time: indexed workspace in 1.78s
2025.04.29 16:46:51 WARN  no build target for: D:\workspace\github\snippets\giant-data-analysis\temporal-data-and-realtime-algorithm\scala-temporal-apache-flink\src\main\scala\com\spike\giantdataanalysis\flink\example\application\ExampleFlinkApplication.scala
2025.04.29 16:46:58 INFO  time: compiled workbench_aa18d1a41c in 8.36s
2025.04.29 16:46:58 INFO  compiling workbench_aa18d1a41c (23 scala sources and 300 java sources)
2025.04.29 16:47:06 INFO  time: compiled workbench_aa18d1a41c in 8.32s
2025.04.29 16:47:06 INFO  compiling workbench_aa18d1a41c (23 scala sources and 300 java sources)
2025.04.29 16:47:07 INFO  running doctor check
2025.04.29 16:47:07 INFO  java targets: workbench_aa18d1a41c, workbench_aa18d1a41c-test
2025.04.29 16:47:09 INFO  time: indexed workspace in 1.76s
2025.04.29 16:47:09 WARN  no build target for: D:\workspace\github\snippets\giant-data-analysis\temporal-data-and-realtime-algorithm\scala-temporal-apache-flink\src\main\scala\com\spike\giantdataanalysis\flink\example\application\ExampleFlinkApplication.scala
2025.04.29 16:47:15 INFO  time: compiled workbench_aa18d1a41c in 7.98s
2025.04.29 16:47:15 INFO  compiling workbench_aa18d1a41c (23 scala sources and 300 java sources)
2025.04.29 16:47:23 INFO  time: compiled workbench_aa18d1a41c in 8.56s
2025.04.29 16:47:43 INFO  compiling workbench_aa18d1a41c (23 scala sources and 300 java sources)
2025.04.29 16:47:44 INFO  running doctor check
2025.04.29 16:47:44 INFO  java targets: workbench_aa18d1a41c, workbench_aa18d1a41c-test
2025.04.29 16:47:45 INFO  time: indexed workspace in 1.67s
2025.04.29 16:47:45 WARN  no build target for: D:\workspace\github\snippets\giant-data-analysis\temporal-data-and-realtime-algorithm\scala-temporal-apache-flink\src\main\scala\com\spike\giantdataanalysis\flink\example\application\ExampleFlinkApplication.scala
2025.04.29 16:47:52 INFO  time: compiled workbench_aa18d1a41c in 8.47s
2025.04.29 16:47:52 INFO  compiling workbench_aa18d1a41c (23 scala sources and 300 java sources)
2025.04.29 16:48:00 INFO  time: compiled workbench_aa18d1a41c in 8.56s
2025.04.29 16:48:00 INFO  compiling workbench_aa18d1a41c (23 scala sources and 300 java sources)
2025.04.29 16:48:01 INFO  running doctor check
2025.04.29 16:48:01 INFO  java targets: workbench_aa18d1a41c, workbench_aa18d1a41c-test
2025.04.29 16:48:03 INFO  time: indexed workspace in 1.79s
2025.04.29 16:48:09 WARN  no build target for: D:\workspace\github\snippets\giant-data-analysis\temporal-data-and-realtime-algorithm\scala-temporal-apache-flink\src\main\scala\com\spike\giantdataanalysis\flink\example\application\ExampleFlinkApplication.scala
2025.04.29 16:48:09 INFO  compiling workbench_aa18d1a41c (23 scala sources and 300 java sources)
2025.04.29 16:48:18 INFO  time: compiled workbench_aa18d1a41c in 8.69s
2025.04.29 17:45:47 INFO  compiling workbench_aa18d1a41c (23 scala sources and 300 java sources)
2025.04.29 17:45:48 INFO  running doctor check
2025.04.29 17:45:48 INFO  java targets: workbench_aa18d1a41c, workbench_aa18d1a41c-test
2025.04.29 17:45:49 INFO  time: indexed workspace in 1.84s
2025.04.29 17:45:49 WARN  no build target for: D:\workspace\github\snippets\giant-data-analysis\temporal-data-and-realtime-algorithm\scala-temporal-apache-flink\src\main\scala\com\spike\giantdataanalysis\flink\example\application\ExampleFlinkApplication.scala
2025.04.29 17:45:56 INFO  time: compiled workbench_aa18d1a41c in 8.62s
2025.04.29 17:45:56 INFO  compiling workbench_aa18d1a41c (23 scala sources and 300 java sources)
2025.04.29 17:46:04 INFO  time: compiled workbench_aa18d1a41c in 8.2s
2025.04.29 17:59:01 INFO  compiling workbench_aa18d1a41c (23 scala sources and 300 java sources)
2025.04.29 17:59:09 INFO  time: compiled workbench_aa18d1a41c in 8.25s
2025.04.29 18:00:53 INFO  compiling workbench_aa18d1a41c (23 scala sources and 300 java sources)
2025.04.29 18:01:01 INFO  time: compiled workbench_aa18d1a41c in 8.36s
2025.04.29 18:01:37 INFO  compiling workbench_aa18d1a41c (23 scala sources and 300 java sources)
2025.04.29 18:01:45 INFO  time: compiled workbench_aa18d1a41c in 7.8s
2025.04.29 18:43:09 INFO  compiling workbench_aa18d1a41c (23 scala sources and 300 java sources)
2025.04.29 18:43:18 INFO  time: compiled workbench_aa18d1a41c in 8.85s
2025.04.29 18:43:18 INFO  time: Imported build in 9.44s
2025.04.29 18:43:18 INFO  compiling workbench_aa18d1a41c (23 scala sources and 300 java sources)
2025.04.29 18:43:18 INFO  running doctor check
2025.04.29 18:43:18 INFO  java targets: workbench_aa18d1a41c, workbench_aa18d1a41c-test
2025.04.29 18:43:20 INFO  time: indexed workspace in 2.07s
2025.04.29 18:43:20 WARN  no build target for: D:\workspace\github\snippets\giant-data-analysis\temporal-data-and-realtime-algorithm\scala-temporal-apache-flink\src\main\scala\com\spike\giantdataanalysis\flink\example\application\ExampleFlinkApplication.scala
2025.04.29 18:43:27 INFO  time: compiled workbench_aa18d1a41c in 8.42s
2025.04.29 18:52:22 INFO  compiling workbench_aa18d1a41c (23 scala sources and 300 java sources)
2025.04.29 18:52:22 INFO  running doctor check
2025.04.29 18:52:22 INFO  java targets: workbench_aa18d1a41c, workbench_aa18d1a41c-test
2025.04.29 18:52:24 INFO  time: indexed workspace in 1.71s
2025.04.29 18:52:24 WARN  no build target for: D:\workspace\github\snippets\giant-data-analysis\temporal-data-and-realtime-algorithm\scala-temporal-apache-flink\src\main\scala\com\spike\giantdataanalysis\flink\example\application\ExampleFlinkApplication.scala
2025.04.29 18:52:31 INFO  time: compiled workbench_aa18d1a41c in 8.55s
2025.04.29 18:52:31 INFO  compiling workbench_aa18d1a41c (23 scala sources and 300 java sources)
2025.04.29 18:52:39 INFO  time: compiled workbench_aa18d1a41c in 8.41s
2025.04.29 19:07:29 INFO  compiling workbench_aa18d1a41c (23 scala sources and 300 java sources)
2025.04.29 19:07:37 INFO  time: compiled workbench_aa18d1a41c in 8.09s
2025.04.29 19:19:55 INFO  compiling workbench_aa18d1a41c (23 scala sources and 300 java sources)
2025.04.29 19:19:55 INFO  running doctor check
2025.04.29 19:19:55 INFO  java targets: workbench_aa18d1a41c, workbench_aa18d1a41c-test
2025.04.29 19:19:57 INFO  time: indexed workspace in 1.97s
2025.04.29 19:20:03 INFO  time: compiled workbench_aa18d1a41c in 8.14s
2025.04.29 19:20:03 WARN  no build target for: D:\workspace\github\snippets\giant-data-analysis\temporal-data-and-realtime-algorithm\scala-temporal-apache-flink\src\main\scala\com\spike\giantdataanalysis\flink\example\application\ExampleFlinkApplication.scala
2025.04.29 19:20:03 INFO  compiling workbench_aa18d1a41c (23 scala sources and 300 java sources)
2025.04.29 19:20:11 INFO  time: compiled workbench_aa18d1a41c in 8.28s
2025.04.30 09:09:26 INFO  compiling workbench_aa18d1a41c (23 scala sources and 300 java sources)
2025.04.30 09:09:34 INFO  time: compiled workbench_aa18d1a41c in 7.87s
2025.04.30 09:11:07 INFO  compiling workbench_aa18d1a41c (23 scala sources and 300 java sources)
2025.04.30 09:11:15 INFO  time: compiled workbench_aa18d1a41c in 8.37s
2025.04.30 09:11:15 INFO  time: Imported build in 8.43s
2025.04.30 09:11:15 INFO  compiling workbench_aa18d1a41c (23 scala sources and 300 java sources)
2025.04.30 09:11:15 INFO  running doctor check
2025.04.30 09:11:15 INFO  java targets: workbench_aa18d1a41c, workbench_aa18d1a41c-test
2025.04.30 09:11:16 INFO  time: indexed workspace in 1.14s
2025.04.30 09:11:16 WARN  no build target for: D:\workspace\github\snippets\giant-data-analysis\temporal-data-and-realtime-algorithm\scala-temporal-apache-flink\src\main\scala\com\spike\giantdataanalysis\flink\example\application\ExampleFlinkApplication.scala
2025.04.30 09:11:24 INFO  time: compiled workbench_aa18d1a41c in 8.35s
2025.04.30 09:45:05 INFO  compiling workbench_aa18d1a41c (23 scala sources and 300 java sources)
2025.04.30 09:45:13 INFO  time: compiled workbench_aa18d1a41c in 8.37s
2025.04.30 09:45:28 INFO  compiling workbench_aa18d1a41c (23 scala sources and 300 java sources)
2025.04.30 09:45:36 INFO  time: compiled workbench_aa18d1a41c in 8.34s
2025.04.30 10:15:59 INFO  compiling workbench_aa18d1a41c (23 scala sources and 300 java sources)
2025.04.30 10:15:59 INFO  running doctor check
2025.04.30 10:15:59 INFO  java targets: workbench_aa18d1a41c, workbench_aa18d1a41c-test
2025.04.30 10:16:01 INFO  time: indexed workspace in 1.85s
2025.04.30 10:16:01 WARN  no build target for: D:\workspace\github\snippets\giant-data-analysis\temporal-data-and-realtime-algorithm\scala-temporal-apache-flink\src\main\scala\com\spike\giantdataanalysis\flink\example\application\ExampleFlinkApplication.scala
2025.04.30 10:16:07 INFO  time: compiled workbench_aa18d1a41c in 8.49s
2025.04.30 10:16:07 INFO  compiling workbench_aa18d1a41c (23 scala sources and 300 java sources)
2025.04.30 10:16:16 INFO  time: compiled workbench_aa18d1a41c in 8.57s
2025.04.30 10:42:23 INFO  compiling workbench_aa18d1a41c (23 scala sources and 300 java sources)
2025.04.30 10:42:23 INFO  running doctor check
2025.04.30 10:42:23 INFO  java targets: workbench_aa18d1a41c, workbench_aa18d1a41c-test
2025.04.30 10:42:25 INFO  time: indexed workspace in 1.78s
2025.04.30 10:42:32 INFO  time: compiled workbench_aa18d1a41c in 8.55s
2025.04.30 10:42:32 WARN  no build target for: D:\workspace\github\snippets\giant-data-analysis\temporal-data-and-realtime-algorithm\scala-temporal-apache-flink\src\main\scala\com\spike\giantdataanalysis\flink\example\application\ExampleFlinkApplication.scala
2025.04.30 10:42:32 INFO  compiling workbench_aa18d1a41c (23 scala sources and 300 java sources)
2025.04.30 10:42:40 INFO  time: compiled workbench_aa18d1a41c in 8.61s
2025.04.30 10:42:40 INFO  compiling workbench_aa18d1a41c (23 scala sources and 300 java sources)
2025.04.30 10:42:41 INFO  running doctor check
2025.04.30 10:42:41 INFO  java targets: workbench_aa18d1a41c, workbench_aa18d1a41c-test
2025.04.30 10:42:43 INFO  time: indexed workspace in 1.65s
2025.04.30 10:42:49 INFO  time: compiled workbench_aa18d1a41c in 8.08s
2025.04.30 10:42:49 WARN  no build target for: D:\workspace\github\snippets\giant-data-analysis\temporal-data-and-realtime-algorithm\scala-temporal-apache-flink\src\main\scala\com\spike\giantdataanalysis\flink\example\application\ExampleFlinkApplication.scala
2025.04.30 10:42:49 INFO  compiling workbench_aa18d1a41c (23 scala sources and 300 java sources)
2025.04.30 10:42:58 INFO  time: compiled workbench_aa18d1a41c in 8.61s
2025.04.30 11:14:08 INFO  compiling workbench_aa18d1a41c (23 scala sources and 300 java sources)
2025.04.30 11:14:16 INFO  time: compiled workbench_aa18d1a41c in 8.49s
2025.04.30 11:14:16 INFO  time: Imported build in 8.9s
2025.04.30 11:14:16 INFO  compiling workbench_aa18d1a41c (23 scala sources and 300 java sources)
2025.04.30 11:14:16 INFO  running doctor check
2025.04.30 11:14:16 INFO  java targets: workbench_aa18d1a41c, workbench_aa18d1a41c-test
2025.04.30 11:14:18 INFO  time: indexed workspace in 1.72s
2025.04.30 11:14:18 WARN  no build target for: D:\workspace\github\snippets\giant-data-analysis\temporal-data-and-realtime-algorithm\scala-temporal-apache-flink\src\main\scala\com\spike\giantdataanalysis\flink\example\application\ExampleFlinkApplication.scala
2025.04.30 11:14:25 INFO  time: compiled workbench_aa18d1a41c in 8.22s
2025.04.30 11:14:25 INFO  compiling workbench_aa18d1a41c (23 scala sources and 300 java sources)
2025.04.30 11:14:26 INFO  running doctor check
2025.04.30 11:14:26 INFO  java targets: workbench_aa18d1a41c, workbench_aa18d1a41c-test
2025.04.30 11:14:27 INFO  time: indexed workspace in 1.62s
2025.04.30 11:14:27 WARN  no build target for: D:\workspace\github\snippets\giant-data-analysis\temporal-data-and-realtime-algorithm\scala-temporal-apache-flink\src\main\scala\com\spike\giantdataanalysis\flink\example\application\ExampleFlinkApplication.scala
2025.04.30 11:14:34 INFO  time: compiled workbench_aa18d1a41c in 8.28s
2025.04.30 11:14:34 INFO  compiling workbench_aa18d1a41c (23 scala sources and 300 java sources)
2025.04.30 11:14:42 INFO  time: compiled workbench_aa18d1a41c in 8.48s
2025.04.30 11:36:50 INFO  compiling workbench_aa18d1a41c (23 scala sources and 300 java sources)
2025.04.30 11:36:50 INFO  running doctor check
2025.04.30 11:36:50 INFO  java targets: workbench_aa18d1a41c, workbench_aa18d1a41c-test
2025.04.30 11:36:52 INFO  time: indexed workspace in 1.78s
2025.04.30 11:36:58 INFO  time: compiled workbench_aa18d1a41c in 8.5s
2025.04.30 11:36:58 WARN  no build target for: D:\workspace\github\snippets\giant-data-analysis\temporal-data-and-realtime-algorithm\scala-temporal-apache-flink\src\main\scala\com\spike\giantdataanalysis\flink\example\application\ExampleFlinkApplication.scala
2025.04.30 11:36:58 INFO  compiling workbench_aa18d1a41c (23 scala sources and 300 java sources)
2025.04.30 11:37:07 INFO  time: compiled workbench_aa18d1a41c in 8.18s
2025.04.30 13:52:26 INFO  compiling workbench_aa18d1a41c (23 scala sources and 300 java sources)
2025.04.30 13:52:26 INFO  running doctor check
2025.04.30 13:52:26 INFO  java targets: workbench_aa18d1a41c, workbench_aa18d1a41c-test
2025.04.30 13:52:28 INFO  time: indexed workspace in 1.71s
2025.04.30 13:52:35 INFO  time: compiled workbench_aa18d1a41c in 8.6s
2025.04.30 13:52:35 WARN  no build target for: D:\workspace\github\snippets\giant-data-analysis\temporal-data-and-realtime-algorithm\scala-temporal-apache-flink\src\main\scala\com\spike\giantdataanalysis\flink\example\application\ExampleFlinkApplication.scala
2025.04.30 13:52:35 INFO  compiling workbench_aa18d1a41c (23 scala sources and 300 java sources)
2025.04.30 13:52:43 INFO  time: compiled workbench_aa18d1a41c in 8.41s
2025.05.01 09:18:33 INFO  compiling workbench_aa18d1a41c (23 scala sources and 300 java sources)
2025.05.01 09:18:42 INFO  time: compiled workbench_aa18d1a41c in 8.4s
2025.05.12 12:01:01 INFO  no build target found for D:\workspace\github\snippets\giant-data-analysis\temporal-data-and-realtime-algorithm\scala-temporal-apache-flink\build.sbt. Using presentation compiler with project's scala-library version: 3.3.4
2025.05.12 12:01:01 INFO  no build target found for D:\workspace\github\snippets\giant-data-analysis\temporal-data-and-realtime-algorithm\scala-temporal-apache-flink\src\main\scala\com\spike\giantdataanalysis\flink\example\application\ExampleFlinkApplication.scala. Using presentation compiler with project's scala-library version: 3.3.4
2025.05.12 18:18:10 INFO  Shutting down server
2025.05.12 18:18:10 INFO  shutting down Metals
2025.05.12 18:18:11 INFO  Shut down connection with build server.
2025.05.12 18:18:11 INFO  Exiting server
2025.05.12 18:18:53 INFO  Started: Metals version 1.4.2 in folders 'D:\workspace\github\workbench, D:\workspace\github\snippets\giant-data-analysis' for client Visual Studio Code 1.99.3.
2025.05.12 18:18:54 INFO  Database: jdbc:h2:file:D:\workspace\github\workbench\.metals\metals (H2 2.3)
2025.05.12 18:18:54 INFO  Database: jdbc:h2:file:D:\workspace\github\snippets\giant-data-analysis\.metals\metals (H2 2.3)
2025.05.12 18:18:54 INFO  Successfully validated 6 migrations (execution time 00:00.046s)
2025.05.12 18:18:54 INFO  Successfully validated 6 migrations (execution time 00:00.046s)
2025.05.12 18:18:54 INFO  Current version of schema "PUBLIC": 6
2025.05.12 18:18:54 INFO  Current version of schema "PUBLIC": 6
2025.05.12 18:18:54 INFO  Schema "PUBLIC" is up to date. No migration necessary.
2025.05.12 18:18:54 INFO  Schema "PUBLIC" is up to date. No migration necessary.
2025.05.12 18:18:54 INFO  Attempting to connect to the build server...
2025.05.12 18:18:54 INFO  Running BSP server List(C:\Users\zhouj\AppData\Local\Coursier\data\bin\.scala-cli.aux.exe, bsp, --json-options, D:\workspace\github\workbench\.scala-build\ide-options-v2.json, --json-launcher-options, D:\workspace\github\workbench\.scala-build\ide-launcher-options.json, --envs-file, D:\workspace\github\workbench\.scala-build\ide-envs.json, D:\workspace\github\workbench)
2025.05.12 18:18:55 INFO  tracing is disabled for protocol BSP, to enable tracing of incoming and outgoing JSON messages create an empty file at D:\workspace\github\workbench\.metals\bsp.trace.json or C:\Users\zhouj\AppData\Local\scalameta\metals\cache\bsp.trace.json
2025.05.12 18:18:58 INFO  time: Connected to build server in 3.58s
2025.05.12 18:18:58 INFO  Connected to Build server: scala-cli v1.5.4
2025.05.12 18:18:58 INFO  running doctor check
2025.05.12 18:18:58 INFO  java targets: workbench_aa18d1a41c, workbench_aa18d1a41c-test
2025.05.12 18:18:58 INFO  compiling workbench_aa18d1a41c (23 scala sources and 300 java sources)
2025.05.12 18:19:05 INFO  Database: jdbc:h2:file:C:\Users\zhouj\AppData\Roaming\metals\data\metals (H2 2.3)
2025.05.12 18:19:05 INFO  Successfully validated 1 migration (execution time 00:00.004s)
2025.05.12 18:19:05 INFO  Current version of schema "PUBLIC": 1
2025.05.12 18:19:05 INFO  Schema "PUBLIC" is up to date. No migration necessary.
2025.05.12 18:19:05 INFO  time: indexed workspace in 7.83s
2025.05.12 18:19:07 INFO  time: compiled workbench_aa18d1a41c in 8.7s
2025.05.12 18:19:07 INFO  compiling workbench_aa18d1a41c (23 scala sources and 300 java sources)
2025.05.13 09:43:53 INFO  time: compiled workbench_aa18d1a41c in 924m45s
2025.05.13 18:27:07 INFO  Shut down connection with build server.
2025.05.13 18:27:08 INFO  logging to files D:\workspace\github\workbench\.metals\metals.log
